Log file open, 06/27/22 11:22:00
LogWindows: Failed to load 'aqProf.dll' (GetLastError=126)
LogWindows: File 'aqProf.dll' does not exist
LogWindows: Failed to load 'VtuneApi.dll' (GetLastError=126)
LogWindows: File 'VtuneApi.dll' does not exist
LogWindows: Failed to load 'VtuneApi32e.dll' (GetLastError=126)
LogWindows: File 'VtuneApi32e.dll' does not exist
LogConsoleResponse: Display: Failed to find resolution value strings in scalability ini. Falling back to default.
LogConsoleResponse: Display: Failed to find resolution value strings in scalability ini. Falling back to default.
LogInit: Display: Running engine for game: Cordyceps
LogPlatformFile: Not using cached read wrapper
LogTaskGraph: Started task graph with 5 named threads and 23 total threads with 3 sets of task threads.
LogStats: Stats thread started at 0.224818
LogICUInternationalization: ICU TimeZone Detection - Raw Offset: +10:00, Platform Override: ''
LogInit: Display: Loading text-based GConfig....
LogPluginManager: Mounting plugin MeshPainting
LogPluginManager: Mounting plugin XGEController
LogPluginManager: Mounting plugin Paper2D
LogPluginManager: Mounting plugin LiveLink
LogPluginManager: Mounting plugin AISupport
LogPluginManager: Mounting plugin EnvironmentQueryEditor
LogPluginManager: Mounting plugin LightPropagationVolume
LogPluginManager: Mounting plugin CameraShakePreviewer
LogPluginManager: Mounting plugin GameplayCameras
LogPluginManager: Mounting plugin OodleData
LogPluginManager: Mounting plugin CLionSourceCodeAccess
LogPluginManager: Mounting plugin AnimationSharing
LogPluginManager: Mounting plugin CodeLiteSourceCodeAccess
LogPluginManager: Mounting plugin GitSourceControl
LogPluginManager: Mounting plugin KDevelopSourceCodeAccess
LogPluginManager: Mounting plugin NullSourceCodeAccess
LogPluginManager: Mounting plugin PixWinPlugin
LogPluginManager: Mounting plugin PerforceSourceControl
LogPluginManager: Mounting plugin PlasticSourceControl
LogPluginManager: Mounting plugin PluginUtils
LogPluginManager: Mounting plugin PropertyAccessNode
LogPluginManager: Mounting plugin RiderSourceCodeAccess
LogPluginManager: Mounting plugin SubversionSourceControl
LogPluginManager: Mounting plugin TextureFormatOodle
LogPluginManager: Mounting plugin UObjectPlugin
LogPluginManager: Mounting plugin OodleNetwork
LogPluginManager: Mounting plugin VisualStudioCodeSourceCodeAccess
LogPluginManager: Mounting plugin VisualStudioSourceCodeAccess
LogPluginManager: Mounting plugin XCodeSourceCodeAccess
LogPluginManager: Mounting plugin DatasmithContent
LogPluginManager: Mounting plugin VariantManagerContent
LogPluginManager: Mounting plugin AssetManagerEditor
LogPluginManager: Mounting plugin CryptoKeys
LogPluginManager: Mounting plugin CurveEditorTools
LogPluginManager: Mounting plugin DataValidation
LogPluginManager: Mounting plugin FacialAnimation
LogPluginManager: Mounting plugin GameplayTagsEditor
LogPluginManager: Mounting plugin GeometryMode
LogPluginManager: Mounting plugin MacGraphicsSwitching
LogPluginManager: Mounting plugin MaterialAnalyzer
LogPluginManager: Mounting plugin PluginBrowser
LogPluginManager: Mounting plugin MobileLauncherProfileWizard
LogPluginManager: Mounting plugin SpeedTreeImporter
LogPluginManager: Mounting plugin LuminPlatformFeatures
LogPluginManager: Mounting plugin Niagara
LogPluginManager: Mounting plugin MagicLeapLightEstimation
LogPluginManager: Mounting plugin MagicLeap
LogPluginManager: Mounting plugin MagicLeapMedia
LogPluginManager: Mounting plugin MagicLeapPassableWorld
LogPluginManager: Mounting plugin MLSDK
LogPluginManager: Mounting plugin AndroidMedia
LogPluginManager: Mounting plugin AvfMedia
LogPluginManager: Mounting plugin ImgMedia
LogPluginManager: Mounting plugin MediaCompositing
LogPluginManager: Mounting plugin MediaPlayerEditor
LogPluginManager: Mounting plugin WebMMedia
LogPluginManager: Mounting plugin WmfMedia
LogPluginManager: Mounting plugin AlembicImporter
LogPluginManager: Mounting plugin TcpMessaging
LogPluginManager: Mounting plugin AutomationUtils
LogPluginManager: Mounting plugin BackChannel
LogPluginManager: Mounting plugin UdpMessaging
LogPluginManager: Mounting plugin ChaosCloth
LogPluginManager: Mounting plugin ChaosEditor
LogPluginManager: Mounting plugin ChaosClothEditor
LogPluginManager: Mounting plugin ActorSequence
LogPluginManager: Mounting plugin ChaosSolverPlugin
LogPluginManager: Mounting plugin ChaosNiagara
LogPluginManager: Mounting plugin LevelSequenceEditor
LogPluginManager: Mounting plugin MatineeToLevelSequence
LogPluginManager: Mounting plugin CharacterAI
LogPluginManager: Mounting plugin TemplateSequence
LogPluginManager: Mounting plugin GeometryCache
LogPluginManager: Mounting plugin GeometryCollectionPlugin
LogPluginManager: Mounting plugin GeometryProcessing
LogPluginManager: Mounting plugin OnlineSubsystem
LogPluginManager: Mounting plugin LauncherChunkInstaller
LogPluginManager: Mounting plugin MotoSynth
LogPluginManager: Mounting plugin OpenImageDenoise
LogPluginManager: Mounting plugin PlatformCrypto
LogPluginManager: Mounting plugin PlanarCut
LogPluginManager: Mounting plugin ProxyLODPlugin
LogPluginManager: Mounting plugin PythonScriptPlugin
LogPluginManager: Mounting plugin OnlineSubsystemNull
LogPluginManager: Mounting plugin OnlineSubsystemUtils
LogPluginManager: Mounting plugin SkeletalReduction
LogPluginManager: Mounting plugin ActorLayerUtilities
LogPluginManager: Mounting plugin AndroidDeviceProfileSelector
LogPluginManager: Mounting plugin AndroidMoviePlayer
LogPluginManager: Mounting plugin AndroidPermission
LogPluginManager: Mounting plugin AppleImageUtils
LogPluginManager: Mounting plugin AssetTags
LogPluginManager: Mounting plugin ArchVisCharacter
LogPluginManager: Mounting plugin AppleMoviePlayer
LogPluginManager: Mounting plugin AudioCapture
LogPluginManager: Mounting plugin AudioSynesthesia
LogPluginManager: Mounting plugin ChunkDownloader
LogPluginManager: Mounting plugin CableComponent
LogPluginManager: Mounting plugin CustomMeshComponent
LogPluginManager: Mounting plugin ExampleDeviceProfileSelector
LogPluginManager: Mounting plugin EditableMesh
LogPluginManager: Mounting plugin GoogleCloudMessaging
LogPluginManager: Mounting plugin GooglePAD
LogPluginManager: Mounting plugin ScreenshotTools
LogPluginManager: Mounting plugin IOSDeviceProfileSelector
LogPluginManager: Mounting plugin LinuxDeviceProfileSelector
LogPluginManager: Mounting plugin LocationServicesBPLibrary
LogPluginManager: Mounting plugin MobilePatchingUtils
LogPluginManager: Mounting plugin OpenXREyeTracker
LogPluginManager: Mounting plugin OpenXRHandTracking
LogPluginManager: Mounting plugin OpenXR
LogPluginManager: Mounting plugin PhysXVehicles
LogPluginManager: Mounting plugin PostSplashScreen
LogPluginManager: Mounting plugin ProceduralMeshComponent
LogPluginManager: Mounting plugin PropertyAccessEditor
LogPluginManager: Mounting plugin Takes
LogPluginManager: Mounting plugin RuntimePhysXCooking
LogPluginManager: Mounting plugin SignificanceManager
LogPluginManager: Mounting plugin SoundFields
LogPluginManager: Mounting plugin Synthesis
LogPluginManager: Mounting plugin WebMMoviePlayer
LogPluginManager: Mounting plugin WindowsMoviePlayer
LogPluginManager: Mounting plugin ContentBrowserClassDataSource
LogPluginManager: Mounting plugin ContentBrowserAssetDataSource
LogPluginManager: Mounting plugin ContentBrowserFileDataSource
LogPluginManager: Mounting plugin OnlineSubsystemGooglePlay
LogPluginManager: Mounting plugin OnlineSubsystemIOS
LogPluginManager: Mounting plugin OculusVR
LogPluginManager: Mounting plugin SteamVR
PixWinPlugin: PIX capture plugin failed to initialize! Check that the process is launched from PIX.
LogInit: Using libcurl 7.55.1-DEV
LogInit:  - built for x86_64-pc-win32
LogInit:  - supports SSL with OpenSSL/1.1.1
LogInit:  - supports HTTP deflate (compression) using libz 1.2.8
LogInit:  - other features:
LogInit:      CURL_VERSION_SSL
LogInit:      CURL_VERSION_LIBZ
LogInit:      CURL_VERSION_IPV6
LogInit:      CURL_VERSION_ASYNCHDNS
LogInit:      CURL_VERSION_LARGEFILE
LogInit:      CURL_VERSION_IDN
LogInit:  CurlRequestOptions (configurable via config and command line):
LogInit:  - bVerifyPeer = true  - Libcurl will verify peer certificate
LogInit:  - bUseHttpProxy = false  - Libcurl will NOT use HTTP proxy
LogInit:  - bDontReuseConnections = false  - Libcurl will reuse connections
LogInit:  - MaxHostConnections = 16  - Libcurl will limit the number of connections to a host
LogInit:  - LocalHostAddr = Default
LogInit:  - BufferSize = 65536
LogOnline: OSS: Creating online subsystem instance for: NULL
LogInit: WinSock: version 1.1 (2.2), MaxSocks=32767, MaxUdp=65467
LogOnline: OSS: TryLoadSubsystemAndSetDefault: Loaded subsystem for module [NULL]
LogOculusPluginWrapper: OculusPlugin initialized successfully
LogHMD: Failed initializing OVRPlugin 1.59.0
LogInit: Build: ++UE4+Release-4.27-CL-18319896
LogInit: Engine Version: 4.27.2-18319896+++UE4+Release-4.27
LogInit: Compatible Engine Version: 4.27.0-17155196+++UE4+Release-4.27
LogInit: Net CL: 17155196
LogInit: OS: Windows 10 (Release 2009) (), CPU: Intel(R) Core(TM) i7-6700 CPU @ 3.40GHz, GPU: NVIDIA GeForce GTX 980
LogInit: Compiled (64-bit): Nov 30 2021 07:12:08
LogInit: Compiled with Visual C++: 19.24.28315.00
LogInit: Build Configuration: Development
LogInit: Branch Name: ++UE4+Release-4.27
LogInit: Command Line: 
LogInit: Base Directory: C:/UE4/UE_4.27/Engine/Binaries/Win64/
LogInit: Allocator: TBB
LogInit: Installed Engine Build: 1
LogDevObjectVersion: Number of dev versions registered: 29
LogDevObjectVersion:   Dev-Blueprints (B0D832E4-1F89-4F0D-ACCF-7EB736FD4AA2): 10
LogDevObjectVersion:   Dev-Build (E1C64328-A22C-4D53-A36C-8E866417BD8C): 0
LogDevObjectVersion:   Dev-Core (375EC13C-06E4-48FB-B500-84F0262A717E): 4
LogDevObjectVersion:   Dev-Editor (E4B068ED-F494-42E9-A231-DA0B2E46BB41): 40
LogDevObjectVersion:   Dev-Framework (CFFC743F-43B0-4480-9391-14DF171D2073): 37
LogDevObjectVersion:   Dev-Mobile (B02B49B5-BB20-44E9-A304-32B752E40360): 3
LogDevObjectVersion:   Dev-Networking (A4E4105C-59A1-49B5-A7C5-40C4547EDFEE): 0
LogDevObjectVersion:   Dev-Online (39C831C9-5AE6-47DC-9A44-9C173E1C8E7C): 0
LogDevObjectVersion:   Dev-Physics (78F01B33-EBEA-4F98-B9B4-84EACCB95AA2): 14
LogDevObjectVersion:   Dev-Platform (6631380F-2D4D-43E0-8009-CF276956A95A): 0
LogDevObjectVersion:   Dev-Rendering (12F88B9F-8875-4AFC-A67C-D90C383ABD29): 45
LogDevObjectVersion:   Dev-Sequencer (7B5AE74C-D270-4C10-A958-57980B212A5A): 13
LogDevObjectVersion:   Dev-VR (D7296918-1DD6-4BDD-9DE2-64A83CC13884): 3
LogDevObjectVersion:   Dev-LoadTimes (C2A15278-BFE7-4AFE-6C17-90FF531DF755): 1
LogDevObjectVersion:   Private-Geometry (6EACA3D4-40EC-4CC1-B786-8BED09428FC5): 3
LogDevObjectVersion:   Dev-AnimPhys (29E575DD-E0A3-4627-9D10-D276232CDCEA): 17
LogDevObjectVersion:   Dev-Anim (AF43A65D-7FD3-4947-9873-3E8ED9C1BB05): 15
LogDevObjectVersion:   Dev-ReflectionCapture (6B266CEC-1EC7-4B8F-A30B-E4D90942FC07): 1
LogDevObjectVersion:   Dev-Automation (0DF73D61-A23F-47EA-B727-89E90C41499A): 1
LogDevObjectVersion:   FortniteMain (601D1886-AC64-4F84-AA16-D3DE0DEAC7D6): 47
LogDevObjectVersion:   FortniteRelease (E7086368-6B23-4C58-8439-1B7016265E91): 1
LogDevObjectVersion:   Dev-Enterprise (9DFFBCD6-494F-0158-E221-12823C92A888): 10
LogDevObjectVersion:   Dev-Niagara (F2AED0AC-9AFE-416F-8664-AA7FFA26D6FC): 1
LogDevObjectVersion:   Dev-Destruction (174F1F0B-B4C6-45A5-B13F-2EE8D0FB917D): 10
LogDevObjectVersion:   Dev-Physics-Ext (35F94A83-E258-406C-A318-09F59610247C): 41
LogDevObjectVersion:   Dev-PhysicsMaterial-Chaos (B68FC16E-8B1B-42E2-B453-215C058844FE): 1
LogDevObjectVersion:   Dev-CineCamera (B2E18506-4273-CFC2-A54E-F4BB758BBA07): 1
LogDevObjectVersion:   Dev-VirtualProduction (64F58936-FD1B-42BA-BA96-7289D5D0FA4E): 1
LogDevObjectVersion:   Dev-MediaFramework (6F0ED827-A609-4895-9C91-998D90180EA4): 2
LogInit: Presizing for max 25165824 objects, including 0 objects not considered by GC, pre-allocating 0 bytes for permanent pool.
LogConfig: Applying CVar settings from Section [/Script/Engine.StreamingSettings] File [C:/Users/llaughlin/Documents/GitHub/Cordyceps/Saved/Config/Windows/Engine.ini]
LogConfig: Setting CVar [[s.MinBulkDataSizeForAsyncLoading:131072]]
LogConfig: Setting CVar [[s.AsyncLoadingThreadEnabled:0]]
LogConfig: Setting CVar [[s.EventDrivenLoaderEnabled:1]]
LogConfig: Setting CVar [[s.WarnIfTimeLimitExceeded:0]]
LogConfig: Setting CVar [[s.TimeLimitExceededMultiplier:1.5]]
LogConfig: Setting CVar [[s.TimeLimitExceededMinTime:0.005]]
LogConfig: Setting CVar [[s.UseBackgroundLevelStreaming:1]]
LogConfig: Setting CVar [[s.PriorityAsyncLoadingExtraTime:15.0]]
LogConfig: Setting CVar [[s.LevelStreamingActorsUpdateTimeLimit:5.0]]
LogConfig: Setting CVar [[s.PriorityLevelStreamingActorsUpdateExtraTime:5.0]]
LogConfig: Setting CVar [[s.LevelStreamingComponentsRegistrationGranularity:10]]
LogConfig: Setting CVar [[s.UnregisterComponentsTimeLimit:1.0]]
LogConfig: Setting CVar [[s.LevelStreamingComponentsUnregistrationGranularity:5]]
LogConfig: Setting CVar [[s.FlushStreamingOnExit:1]]
LogInit: Object subsystem initialized
LogConfig: Setting CVar [[con.DebugEarlyDefault:1]]
LogConfig: Setting CVar [[r.setres:1280x720]]
[2022.06.27-01.22.00:959][  0]LogConfig: Setting CVar [[r.VSync:0]]
[2022.06.27-01.22.00:959][  0]LogConfig: Setting CVar [[r.RHICmdBypass:0]]
[2022.06.27-01.22.00:959][  0]LogConfig: Applying CVar settings from Section [/Script/Engine.RendererSettings] File [C:/Users/llaughlin/Documents/GitHub/Cordyceps/Saved/Config/Windows/Engine.ini]
[2022.06.27-01.22.00:959][  0]LogConfig: Setting CVar [[r.GPUCrashDebugging:0]]
[2022.06.27-01.22.00:959][  0]LogConfig: Applying CVar settings from Section [/Script/Engine.RendererOverrideSettings] File [C:/Users/llaughlin/Documents/GitHub/Cordyceps/Saved/Config/Windows/Engine.ini]
[2022.06.27-01.22.00:959][  0]LogConfig: Applying CVar settings from Section [/Script/Engine.StreamingSettings] File [C:/Users/llaughlin/Documents/GitHub/Cordyceps/Saved/Config/Windows/Engine.ini]
[2022.06.27-01.22.00:959][  0]LogConfig: Setting CVar [[s.MinBulkDataSizeForAsyncLoading:131072]]
[2022.06.27-01.22.00:959][  0]LogConfig: Setting CVar [[s.AsyncLoadingThreadEnabled:0]]
[2022.06.27-01.22.00:959][  0]LogConfig: Setting CVar [[s.EventDrivenLoaderEnabled:1]]
[2022.06.27-01.22.00:959][  0]LogConfig: Setting CVar [[s.WarnIfTimeLimitExceeded:0]]
[2022.06.27-01.22.00:959][  0]LogConfig: Setting CVar [[s.TimeLimitExceededMultiplier:1.5]]
[2022.06.27-01.22.00:959][  0]LogConfig: Setting CVar [[s.TimeLimitExceededMinTime:0.005]]
[2022.06.27-01.22.00:959][  0]LogConfig: Setting CVar [[s.UseBackgroundLevelStreaming:1]]
[2022.06.27-01.22.00:959][  0]LogConfig: Setting CVar [[s.PriorityAsyncLoadingExtraTime:15.0]]
[2022.06.27-01.22.00:959][  0]LogConfig: Setting CVar [[s.LevelStreamingActorsUpdateTimeLimit:5.0]]
[2022.06.27-01.22.00:959][  0]LogConfig: Setting CVar [[s.PriorityLevelStreamingActorsUpdateExtraTime:5.0]]
[2022.06.27-01.22.00:959][  0]LogConfig: Setting CVar [[s.LevelStreamingComponentsRegistrationGranularity:10]]
[2022.06.27-01.22.00:959][  0]LogConfig: Setting CVar [[s.UnregisterComponentsTimeLimit:1.0]]
[2022.06.27-01.22.00:959][  0]LogConfig: Setting CVar [[s.LevelStreamingComponentsUnregistrationGranularity:5]]
[2022.06.27-01.22.00:959][  0]LogConfig: Setting CVar [[s.FlushStreamingOnExit:1]]
[2022.06.27-01.22.00:959][  0]LogConfig: Applying CVar settings from Section [/Script/Engine.GarbageCollectionSettings] File [C:/Users/llaughlin/Documents/GitHub/Cordyceps/Saved/Config/Windows/Engine.ini]
[2022.06.27-01.22.00:959][  0]LogConfig: Setting CVar [[gc.MaxObjectsNotConsideredByGC:1]]
[2022.06.27-01.22.00:959][  0]LogConfig: Setting CVar [[gc.SizeOfPermanentObjectPool:0]]
[2022.06.27-01.22.00:959][  0]LogConfig: Setting CVar [[gc.FlushStreamingOnGC:0]]
[2022.06.27-01.22.00:959][  0]LogConfig: Setting CVar [[gc.NumRetriesBeforeForcingGC:10]]
[2022.06.27-01.22.00:959][  0]LogConfig: Setting CVar [[gc.AllowParallelGC:1]]
[2022.06.27-01.22.00:959][  0]LogConfig: Setting CVar [[gc.TimeBetweenPurgingPendingKillObjects:61.1]]
[2022.06.27-01.22.00:959][  0]LogConfig: Setting CVar [[gc.MaxObjectsInEditor:25165824]]
[2022.06.27-01.22.00:959][  0]LogConfig: Setting CVar [[gc.IncrementalBeginDestroyEnabled:1]]
[2022.06.27-01.22.00:959][  0]LogConfig: Setting CVar [[gc.CreateGCClusters:1]]
[2022.06.27-01.22.00:959][  0]LogConfig: Setting CVar [[gc.MinGCClusterSize:5]]
[2022.06.27-01.22.00:959][  0]LogConfig: Setting CVar [[gc.ActorClusteringEnabled:0]]
[2022.06.27-01.22.00:959][  0]LogConfig: Setting CVar [[gc.BlueprintClusteringEnabled:0]]
[2022.06.27-01.22.00:959][  0]LogConfig: Setting CVar [[gc.UseDisregardForGCOnDedicatedServers:0]]
[2022.06.27-01.22.00:959][  0]LogConfig: Setting CVar [[gc.MultithreadedDestructionEnabled:1]]
[2022.06.27-01.22.00:959][  0]LogConfig: Applying CVar settings from Section [/Script/Engine.NetworkSettings] File [C:/Users/llaughlin/Documents/GitHub/Cordyceps/Saved/Config/Windows/Engine.ini]
[2022.06.27-01.22.00:960][  0]LogConfig: Applying CVar settings from Section [/Script/UnrealEd.CookerSettings] File [C:/Users/llaughlin/Documents/GitHub/Cordyceps/Saved/Config/Windows/Engine.ini]
[2022.06.27-01.22.00:973][  0]LogConfig: Applying CVar settings from Section [ViewDistanceQuality@3] File [C:/Users/llaughlin/Documents/GitHub/Cordyceps/Saved/Config/Windows/Scalability.ini]
[2022.06.27-01.22.00:973][  0]LogConfig: Setting CVar [[r.SkeletalMeshLODBias:0]]
[2022.06.27-01.22.00:973][  0]LogConfig: Setting CVar [[r.ViewDistanceScale:1.0]]
[2022.06.27-01.22.00:973][  0]LogConfig: Applying CVar settings from Section [AntiAliasingQuality@3] File [C:/Users/llaughlin/Documents/GitHub/Cordyceps/Saved/Config/Windows/Scalability.ini]
[2022.06.27-01.22.00:973][  0]LogConfig: Setting CVar [[r.PostProcessAAQuality:4]]
[2022.06.27-01.22.00:973][  0]LogConfig: Applying CVar settings from Section [ShadowQuality@3] File [C:/Users/llaughlin/Documents/GitHub/Cordyceps/Saved/Config/Windows/Scalability.ini]
[2022.06.27-01.22.00:973][  0]LogConfig: Setting CVar [[r.LightFunctionQuality:1]]
[2022.06.27-01.22.00:973][  0]LogConfig: Setting CVar [[r.ShadowQuality:5]]
[2022.06.27-01.22.00:973][  0]LogConfig: Setting CVar [[r.Shadow.CSM.MaxCascades:10]]
[2022.06.27-01.22.00:973][  0]LogConfig: Setting CVar [[r.Shadow.MaxResolution:2048]]
[2022.06.27-01.22.00:973][  0]LogConfig: Setting CVar [[r.Shadow.MaxCSMResolution:2048]]
[2022.06.27-01.22.00:973][  0]LogConfig: Setting CVar [[r.Shadow.RadiusThreshold:0.01]]
[2022.06.27-01.22.00:973][  0]LogConfig: Setting CVar [[r.Shadow.DistanceScale:1.0]]
[2022.06.27-01.22.00:973][  0]LogConfig: Setting CVar [[r.Shadow.CSM.TransitionScale:1.0]]
[2022.06.27-01.22.00:973][  0]LogConfig: Setting CVar [[r.Shadow.PreShadowResolutionFactor:1.0]]
[2022.06.27-01.22.00:973][  0]LogConfig: Setting CVar [[r.DistanceFieldShadowing:1]]
[2022.06.27-01.22.00:973][  0]LogConfig: Setting CVar [[r.DistanceFieldAO:1]]
[2022.06.27-01.22.00:973][  0]LogConfig: Setting CVar [[r.AOQuality:2]]
[2022.06.27-01.22.00:973][  0]LogConfig: Setting CVar [[r.VolumetricFog:1]]
[2022.06.27-01.22.00:973][  0]LogConfig: Setting CVar [[r.VolumetricFog.GridPixelSize:8]]
[2022.06.27-01.22.00:973][  0]LogConfig: Setting CVar [[r.VolumetricFog.GridSizeZ:128]]
[2022.06.27-01.22.00:973][  0]LogConfig: Setting CVar [[r.VolumetricFog.HistoryMissSupersampleCount:4]]
[2022.06.27-01.22.00:973][  0]LogConfig: Setting CVar [[r.LightMaxDrawDistanceScale:1]]
[2022.06.27-01.22.00:973][  0]LogConfig: Setting CVar [[r.CapsuleShadows:1]]
[2022.06.27-01.22.00:973][  0]LogConfig: Applying CVar settings from Section [PostProcessQuality@3] File [C:/Users/llaughlin/Documents/GitHub/Cordyceps/Saved/Config/Windows/Scalability.ini]
[2022.06.27-01.22.00:973][  0]LogConfig: Setting CVar [[r.MotionBlurQuality:4]]
[2022.06.27-01.22.00:973][  0]LogConfig: Setting CVar [[r.AmbientOcclusionMipLevelFactor:0.4]]
[2022.06.27-01.22.00:973][  0]LogConfig: Setting CVar [[r.AmbientOcclusionMaxQuality:100]]
[2022.06.27-01.22.00:973][  0]LogConfig: Setting CVar [[r.AmbientOcclusionLevels:-1]]
[2022.06.27-01.22.00:973][  0]LogConfig: Setting CVar [[r.AmbientOcclusionRadiusScale:1.0]]
[2022.06.27-01.22.00:973][  0]LogConfig: Setting CVar [[r.DepthOfFieldQuality:2]]
[2022.06.27-01.22.00:973][  0]LogConfig: Setting CVar [[r.RenderTargetPoolMin:400]]
[2022.06.27-01.22.00:973][  0]LogConfig: Setting CVar [[r.LensFlareQuality:2]]
[2022.06.27-01.22.00:973][  0]LogConfig: Setting CVar [[r.SceneColorFringeQuality:1]]
[2022.06.27-01.22.00:973][  0]LogConfig: Setting CVar [[r.EyeAdaptationQuality:2]]
[2022.06.27-01.22.00:973][  0]LogConfig: Setting CVar [[r.BloomQuality:5]]
[2022.06.27-01.22.00:973][  0]LogConfig: Setting CVar [[r.FastBlurThreshold:100]]
[2022.06.27-01.22.00:973][  0]LogConfig: Setting CVar [[r.Upscale.Quality:3]]
[2022.06.27-01.22.00:973][  0]LogConfig: Setting CVar [[r.Tonemapper.GrainQuantization:1]]
[2022.06.27-01.22.00:973][  0]LogConfig: Setting CVar [[r.LightShaftQuality:1]]
[2022.06.27-01.22.00:973][  0]LogConfig: Setting CVar [[r.Filter.SizeScale:1]]
[2022.06.27-01.22.00:973][  0]LogConfig: Setting CVar [[r.Tonemapper.Quality:5]]
[2022.06.27-01.22.00:973][  0]LogConfig: Setting CVar [[r.DOF.Gather.AccumulatorQuality:1        ; higher gathering accumulator quality]]
[2022.06.27-01.22.00:973][  0]LogConfig: Setting CVar [[r.DOF.Gather.PostfilterMethod:1          ; Median3x3 postfilering method]]
[2022.06.27-01.22.00:973][  0]LogConfig: Setting CVar [[r.DOF.Gather.EnableBokehSettings:0       ; no bokeh simulation when gathering]]
[2022.06.27-01.22.00:973][  0]LogConfig: Setting CVar [[r.DOF.Gather.RingCount:4                 ; medium number of samples when gathering]]
[2022.06.27-01.22.00:973][  0]LogConfig: Setting CVar [[r.DOF.Scatter.ForegroundCompositing:1    ; additive foreground scattering]]
[2022.06.27-01.22.00:973][  0]LogConfig: Setting CVar [[r.DOF.Scatter.BackgroundCompositing:2    ; additive background scattering]]
[2022.06.27-01.22.00:973][  0]LogConfig: Setting CVar [[r.DOF.Scatter.EnableBokehSettings:1      ; bokeh simulation when scattering]]
[2022.06.27-01.22.00:973][  0]LogConfig: Setting CVar [[r.DOF.Scatter.MaxSpriteRatio:0.1         ; only a maximum of 10% of scattered bokeh]]
[2022.06.27-01.22.00:973][  0]LogConfig: Setting CVar [[r.DOF.Recombine.Quality:1                ; cheap slight out of focus]]
[2022.06.27-01.22.00:973][  0]LogConfig: Setting CVar [[r.DOF.Recombine.EnableBokehSettings:0    ; no bokeh simulation on slight out of focus]]
[2022.06.27-01.22.00:973][  0]LogConfig: Setting CVar [[r.DOF.TemporalAAQuality:1                ; more stable temporal accumulation]]
[2022.06.27-01.22.00:973][  0]LogConfig: Setting CVar [[r.DOF.Kernel.MaxForegroundRadius:0.025]]
[2022.06.27-01.22.00:973][  0]LogConfig: Setting CVar [[r.DOF.Kernel.MaxBackgroundRadius:0.025]]
[2022.06.27-01.22.00:973][  0]LogConfig: Applying CVar settings from Section [TextureQuality@3] File [C:/Users/llaughlin/Documents/GitHub/Cordyceps/Saved/Config/Windows/Scalability.ini]
[2022.06.27-01.22.00:973][  0]LogConfig: Setting CVar [[r.Streaming.MipBias:0]]
[2022.06.27-01.22.00:973][  0]LogConfig: Setting CVar [[r.Streaming.AmortizeCPUToGPUCopy:0]]
[2022.06.27-01.22.00:973][  0]LogConfig: Setting CVar [[r.Streaming.MaxNumTexturesToStreamPerFrame:0]]
[2022.06.27-01.22.00:973][  0]LogConfig: Setting CVar [[r.Streaming.Boost:1]]
[2022.06.27-01.22.00:973][  0]LogConfig: Setting CVar [[r.MaxAnisotropy:8]]
[2022.06.27-01.22.00:974][  0]LogConfig: Setting CVar [[r.VT.MaxAnisotropy:8]]
[2022.06.27-01.22.00:974][  0]LogConfig: Setting CVar [[r.Streaming.LimitPoolSizeToVRAM:0]]
[2022.06.27-01.22.00:974][  0]LogConfig: Setting CVar [[r.Streaming.PoolSize:1000]]
[2022.06.27-01.22.00:974][  0]LogConfig: Setting CVar [[r.Streaming.MaxEffectiveScreenSize:0]]
[2022.06.27-01.22.00:974][  0]LogConfig: Applying CVar settings from Section [EffectsQuality@3] File [C:/Users/llaughlin/Documents/GitHub/Cordyceps/Saved/Config/Windows/Scalability.ini]
[2022.06.27-01.22.00:974][  0]LogConfig: Setting CVar [[r.TranslucencyLightingVolumeDim:64]]
[2022.06.27-01.22.00:974][  0]LogConfig: Setting CVar [[r.RefractionQuality:2]]
[2022.06.27-01.22.00:974][  0]LogConfig: Setting CVar [[r.SSR.Quality:3]]
[2022.06.27-01.22.00:974][  0]LogConfig: Setting CVar [[r.SSR.HalfResSceneColor:0]]
[2022.06.27-01.22.00:974][  0]LogConfig: Setting CVar [[r.SceneColorFormat:4]]
[2022.06.27-01.22.00:974][  0]LogConfig: Setting CVar [[r.DetailMode:2]]
[2022.06.27-01.22.00:974][  0]LogConfig: Setting CVar [[r.TranslucencyVolumeBlur:1]]
[2022.06.27-01.22.00:974][  0]LogConfig: Setting CVar [[r.MaterialQualityLevel:1 ; High quality]]
[2022.06.27-01.22.00:974][  0]LogConfig: Setting CVar [[r.AnisotropicMaterials:1]]
[2022.06.27-01.22.00:974][  0]LogConfig: Setting CVar [[r.SSS.Scale:1]]
[2022.06.27-01.22.00:974][  0]LogConfig: Setting CVar [[r.SSS.SampleSet:2]]
[2022.06.27-01.22.00:974][  0]LogConfig: Setting CVar [[r.SSS.Quality:1]]
[2022.06.27-01.22.00:974][  0]LogConfig: Setting CVar [[r.SSS.HalfRes:0]]
[2022.06.27-01.22.00:974][  0]LogConfig: Setting CVar [[r.SSGI.Quality:3]]
[2022.06.27-01.22.00:974][  0]LogConfig: Setting CVar [[r.EmitterSpawnRateScale:1.0]]
[2022.06.27-01.22.00:974][  0]LogConfig: Setting CVar [[r.ParticleLightQuality:2]]
[2022.06.27-01.22.00:974][  0]LogConfig: Setting CVar [[r.SkyAtmosphere.AerialPerspectiveLUT.FastApplyOnOpaque:1 ; Always have FastSkyLUT 1 in this case to avoid wrong sky]]
[2022.06.27-01.22.00:974][  0]LogConfig: Setting CVar [[r.SkyAtmosphere.AerialPerspectiveLUT.SampleCountMaxPerSlice:4]]
[2022.06.27-01.22.00:974][  0]LogConfig: Setting CVar [[r.SkyAtmosphere.AerialPerspectiveLUT.DepthResolution:16.0]]
[2022.06.27-01.22.00:974][  0]LogConfig: Setting CVar [[r.SkyAtmosphere.FastSkyLUT:1]]
[2022.06.27-01.22.00:974][  0]LogConfig: Setting CVar [[r.SkyAtmosphere.FastSkyLUT.SampleCountMin:4.0]]
[2022.06.27-01.22.00:974][  0]LogConfig: Setting CVar [[r.SkyAtmosphere.FastSkyLUT.SampleCountMax:128.0]]
[2022.06.27-01.22.00:974][  0]LogConfig: Setting CVar [[r.SkyAtmosphere.SampleCountMin:4.0]]
[2022.06.27-01.22.00:974][  0]LogConfig: Setting CVar [[r.SkyAtmosphere.SampleCountMax:128.0]]
[2022.06.27-01.22.00:974][  0]LogConfig: Setting CVar [[r.SkyAtmosphere.TransmittanceLUT.UseSmallFormat:0]]
[2022.06.27-01.22.00:974][  0]LogConfig: Setting CVar [[r.SkyAtmosphere.TransmittanceLUT.SampleCount:10.0]]
[2022.06.27-01.22.00:974][  0]LogConfig: Setting CVar [[r.SkyAtmosphere.MultiScatteringLUT.SampleCount:15.0]]
[2022.06.27-01.22.00:974][  0]LogConfig: Setting CVar [[r.SkyLight.RealTimeReflectionCapture:1]]
[2022.06.27-01.22.00:974][  0]LogConfig: Applying CVar settings from Section [FoliageQuality@3] File [C:/Users/llaughlin/Documents/GitHub/Cordyceps/Saved/Config/Windows/Scalability.ini]
[2022.06.27-01.22.00:974][  0]LogConfig: Setting CVar [[foliage.DensityScale:1.0]]
[2022.06.27-01.22.00:974][  0]LogConfig: Setting CVar [[grass.DensityScale:1.0]]
[2022.06.27-01.22.00:974][  0]LogConfig: Applying CVar settings from Section [ShadingQuality@3] File [C:/Users/llaughlin/Documents/GitHub/Cordyceps/Saved/Config/Windows/Scalability.ini]
[2022.06.27-01.22.00:974][  0]LogConfig: Setting CVar [[r.HairStrands.SkyLighting.IntegrationType:2]]
[2022.06.27-01.22.00:974][  0]LogConfig: Setting CVar [[r.HairStrands.SkyAO.SampleCount:4]]
[2022.06.27-01.22.00:974][  0]LogConfig: Setting CVar [[r.HairStrands.Visibility.MSAA.SamplePerPixel:4]]
[2022.06.27-01.22.00:974][  0]LogInit: Selected Device Profile: [Windows]
[2022.06.27-01.22.00:974][  0]LogInit: Applying CVar settings loaded from the selected device profile: [Windows]
[2022.06.27-01.22.00:974][  0]LogHAL: Display: Platform has ~ 32 GB [34270773248 / 34359738368 / 32], which maps to Largest [LargestMinGB=32, LargerMinGB=12, DefaultMinGB=8, SmallerMinGB=6, SmallestMinGB=0)
[2022.06.27-01.22.00:974][  0]LogInit: Going up to parent DeviceProfile []
[2022.06.27-01.22.00:974][  0]LogConfig: Applying CVar settings from Section [ViewDistanceQuality@3] File [C:/Users/llaughlin/Documents/GitHub/Cordyceps/Saved/Config/Windows/Scalability.ini]
[2022.06.27-01.22.00:974][  0]LogConfig: Setting CVar [[r.SkeletalMeshLODBias:0]]
[2022.06.27-01.22.00:974][  0]LogConfig: Setting CVar [[r.ViewDistanceScale:1.0]]
[2022.06.27-01.22.00:974][  0]LogConfig: Applying CVar settings from Section [AntiAliasingQuality@3] File [C:/Users/llaughlin/Documents/GitHub/Cordyceps/Saved/Config/Windows/Scalability.ini]
[2022.06.27-01.22.00:974][  0]LogConfig: Setting CVar [[r.PostProcessAAQuality:4]]
[2022.06.27-01.22.00:974][  0]LogConfig: Applying CVar settings from Section [ShadowQuality@3] File [C:/Users/llaughlin/Documents/GitHub/Cordyceps/Saved/Config/Windows/Scalability.ini]
[2022.06.27-01.22.00:974][  0]LogConfig: Setting CVar [[r.LightFunctionQuality:1]]
[2022.06.27-01.22.00:974][  0]LogConfig: Setting CVar [[r.ShadowQuality:5]]
[2022.06.27-01.22.00:974][  0]LogConfig: Setting CVar [[r.Shadow.CSM.MaxCascades:10]]
[2022.06.27-01.22.00:974][  0]LogConfig: Setting CVar [[r.Shadow.MaxResolution:2048]]
[2022.06.27-01.22.00:974][  0]LogConfig: Setting CVar [[r.Shadow.MaxCSMResolution:2048]]
[2022.06.27-01.22.00:974][  0]LogConfig: Setting CVar [[r.Shadow.RadiusThreshold:0.01]]
[2022.06.27-01.22.00:974][  0]LogConfig: Setting CVar [[r.Shadow.DistanceScale:1.0]]
[2022.06.27-01.22.00:974][  0]LogConfig: Setting CVar [[r.Shadow.CSM.TransitionScale:1.0]]
[2022.06.27-01.22.00:975][  0]LogConfig: Setting CVar [[r.Shadow.PreShadowResolutionFactor:1.0]]
[2022.06.27-01.22.00:975][  0]LogConfig: Setting CVar [[r.DistanceFieldShadowing:1]]
[2022.06.27-01.22.00:975][  0]LogConfig: Setting CVar [[r.DistanceFieldAO:1]]
[2022.06.27-01.22.00:975][  0]LogConfig: Setting CVar [[r.AOQuality:2]]
[2022.06.27-01.22.00:975][  0]LogConfig: Setting CVar [[r.VolumetricFog:1]]
[2022.06.27-01.22.00:975][  0]LogConfig: Setting CVar [[r.VolumetricFog.GridPixelSize:8]]
[2022.06.27-01.22.00:975][  0]LogConfig: Setting CVar [[r.VolumetricFog.GridSizeZ:128]]
[2022.06.27-01.22.00:975][  0]LogConfig: Setting CVar [[r.VolumetricFog.HistoryMissSupersampleCount:4]]
[2022.06.27-01.22.00:975][  0]LogConfig: Setting CVar [[r.LightMaxDrawDistanceScale:1]]
[2022.06.27-01.22.00:975][  0]LogConfig: Setting CVar [[r.CapsuleShadows:1]]
[2022.06.27-01.22.00:975][  0]LogConfig: Applying CVar settings from Section [PostProcessQuality@3] File [C:/Users/llaughlin/Documents/GitHub/Cordyceps/Saved/Config/Windows/Scalability.ini]
[2022.06.27-01.22.00:975][  0]LogConfig: Setting CVar [[r.MotionBlurQuality:4]]
[2022.06.27-01.22.00:975][  0]LogConfig: Setting CVar [[r.AmbientOcclusionMipLevelFactor:0.4]]
[2022.06.27-01.22.00:975][  0]LogConfig: Setting CVar [[r.AmbientOcclusionMaxQuality:100]]
[2022.06.27-01.22.00:975][  0]LogConfig: Setting CVar [[r.AmbientOcclusionLevels:-1]]
[2022.06.27-01.22.00:975][  0]LogConfig: Setting CVar [[r.AmbientOcclusionRadiusScale:1.0]]
[2022.06.27-01.22.00:975][  0]LogConfig: Setting CVar [[r.DepthOfFieldQuality:2]]
[2022.06.27-01.22.00:975][  0]LogConfig: Setting CVar [[r.RenderTargetPoolMin:400]]
[2022.06.27-01.22.00:975][  0]LogConfig: Setting CVar [[r.LensFlareQuality:2]]
[2022.06.27-01.22.00:975][  0]LogConfig: Setting CVar [[r.SceneColorFringeQuality:1]]
[2022.06.27-01.22.00:975][  0]LogConfig: Setting CVar [[r.EyeAdaptationQuality:2]]
[2022.06.27-01.22.00:975][  0]LogConfig: Setting CVar [[r.BloomQuality:5]]
[2022.06.27-01.22.00:975][  0]LogConfig: Setting CVar [[r.FastBlurThreshold:100]]
[2022.06.27-01.22.00:975][  0]LogConfig: Setting CVar [[r.Upscale.Quality:3]]
[2022.06.27-01.22.00:975][  0]LogConfig: Setting CVar [[r.Tonemapper.GrainQuantization:1]]
[2022.06.27-01.22.00:975][  0]LogConfig: Setting CVar [[r.LightShaftQuality:1]]
[2022.06.27-01.22.00:975][  0]LogConfig: Setting CVar [[r.Filter.SizeScale:1]]
[2022.06.27-01.22.00:975][  0]LogConfig: Setting CVar [[r.Tonemapper.Quality:5]]
[2022.06.27-01.22.00:975][  0]LogConfig: Setting CVar [[r.DOF.Gather.AccumulatorQuality:1        ; higher gathering accumulator quality]]
[2022.06.27-01.22.00:975][  0]LogConfig: Setting CVar [[r.DOF.Gather.PostfilterMethod:1          ; Median3x3 postfilering method]]
[2022.06.27-01.22.00:975][  0]LogConfig: Setting CVar [[r.DOF.Gather.EnableBokehSettings:0       ; no bokeh simulation when gathering]]
[2022.06.27-01.22.00:975][  0]LogConfig: Setting CVar [[r.DOF.Gather.RingCount:4                 ; medium number of samples when gathering]]
[2022.06.27-01.22.00:975][  0]LogConfig: Setting CVar [[r.DOF.Scatter.ForegroundCompositing:1    ; additive foreground scattering]]
[2022.06.27-01.22.00:975][  0]LogConfig: Setting CVar [[r.DOF.Scatter.BackgroundCompositing:2    ; additive background scattering]]
[2022.06.27-01.22.00:975][  0]LogConfig: Setting CVar [[r.DOF.Scatter.EnableBokehSettings:1      ; bokeh simulation when scattering]]
[2022.06.27-01.22.00:975][  0]LogConfig: Setting CVar [[r.DOF.Scatter.MaxSpriteRatio:0.1         ; only a maximum of 10% of scattered bokeh]]
[2022.06.27-01.22.00:975][  0]LogConfig: Setting CVar [[r.DOF.Recombine.Quality:1                ; cheap slight out of focus]]
[2022.06.27-01.22.00:975][  0]LogConfig: Setting CVar [[r.DOF.Recombine.EnableBokehSettings:0    ; no bokeh simulation on slight out of focus]]
[2022.06.27-01.22.00:975][  0]LogConfig: Setting CVar [[r.DOF.TemporalAAQuality:1                ; more stable temporal accumulation]]
[2022.06.27-01.22.00:975][  0]LogConfig: Setting CVar [[r.DOF.Kernel.MaxForegroundRadius:0.025]]
[2022.06.27-01.22.00:975][  0]LogConfig: Setting CVar [[r.DOF.Kernel.MaxBackgroundRadius:0.025]]
[2022.06.27-01.22.00:975][  0]LogConfig: Applying CVar settings from Section [TextureQuality@3] File [C:/Users/llaughlin/Documents/GitHub/Cordyceps/Saved/Config/Windows/Scalability.ini]
[2022.06.27-01.22.00:975][  0]LogConfig: Setting CVar [[r.Streaming.MipBias:0]]
[2022.06.27-01.22.00:975][  0]LogConfig: Setting CVar [[r.Streaming.AmortizeCPUToGPUCopy:0]]
[2022.06.27-01.22.00:975][  0]LogConfig: Setting CVar [[r.Streaming.MaxNumTexturesToStreamPerFrame:0]]
[2022.06.27-01.22.00:975][  0]LogConfig: Setting CVar [[r.Streaming.Boost:1]]
[2022.06.27-01.22.00:975][  0]LogConfig: Setting CVar [[r.MaxAnisotropy:8]]
[2022.06.27-01.22.00:975][  0]LogConfig: Setting CVar [[r.VT.MaxAnisotropy:8]]
[2022.06.27-01.22.00:975][  0]LogConfig: Setting CVar [[r.Streaming.LimitPoolSizeToVRAM:0]]
[2022.06.27-01.22.00:975][  0]LogConfig: Setting CVar [[r.Streaming.PoolSize:1000]]
[2022.06.27-01.22.00:975][  0]LogConfig: Setting CVar [[r.Streaming.MaxEffectiveScreenSize:0]]
[2022.06.27-01.22.00:975][  0]LogConfig: Applying CVar settings from Section [EffectsQuality@3] File [C:/Users/llaughlin/Documents/GitHub/Cordyceps/Saved/Config/Windows/Scalability.ini]
[2022.06.27-01.22.00:975][  0]LogConfig: Setting CVar [[r.TranslucencyLightingVolumeDim:64]]
[2022.06.27-01.22.00:975][  0]LogConfig: Setting CVar [[r.RefractionQuality:2]]
[2022.06.27-01.22.00:975][  0]LogConfig: Setting CVar [[r.SSR.Quality:3]]
[2022.06.27-01.22.00:975][  0]LogConfig: Setting CVar [[r.SSR.HalfResSceneColor:0]]
[2022.06.27-01.22.00:975][  0]LogConfig: Setting CVar [[r.SceneColorFormat:4]]
[2022.06.27-01.22.00:975][  0]LogConfig: Setting CVar [[r.DetailMode:2]]
[2022.06.27-01.22.00:975][  0]LogConfig: Setting CVar [[r.TranslucencyVolumeBlur:1]]
[2022.06.27-01.22.00:975][  0]LogConfig: Setting CVar [[r.MaterialQualityLevel:1 ; High quality]]
[2022.06.27-01.22.00:975][  0]LogConfig: Setting CVar [[r.AnisotropicMaterials:1]]
[2022.06.27-01.22.00:975][  0]LogConfig: Setting CVar [[r.SSS.Scale:1]]
[2022.06.27-01.22.00:975][  0]LogConfig: Setting CVar [[r.SSS.SampleSet:2]]
[2022.06.27-01.22.00:975][  0]LogConfig: Setting CVar [[r.SSS.Quality:1]]
[2022.06.27-01.22.00:975][  0]LogConfig: Setting CVar [[r.SSS.HalfRes:0]]
[2022.06.27-01.22.00:975][  0]LogConfig: Setting CVar [[r.SSGI.Quality:3]]
[2022.06.27-01.22.00:975][  0]LogConfig: Setting CVar [[r.EmitterSpawnRateScale:1.0]]
[2022.06.27-01.22.00:975][  0]LogConfig: Setting CVar [[r.ParticleLightQuality:2]]
[2022.06.27-01.22.00:975][  0]LogConfig: Setting CVar [[r.SkyAtmosphere.AerialPerspectiveLUT.FastApplyOnOpaque:1 ; Always have FastSkyLUT 1 in this case to avoid wrong sky]]
[2022.06.27-01.22.00:975][  0]LogConfig: Setting CVar [[r.SkyAtmosphere.AerialPerspectiveLUT.SampleCountMaxPerSlice:4]]
[2022.06.27-01.22.00:975][  0]LogConfig: Setting CVar [[r.SkyAtmosphere.AerialPerspectiveLUT.DepthResolution:16.0]]
[2022.06.27-01.22.00:975][  0]LogConfig: Setting CVar [[r.SkyAtmosphere.FastSkyLUT:1]]
[2022.06.27-01.22.00:976][  0]LogConfig: Setting CVar [[r.SkyAtmosphere.FastSkyLUT.SampleCountMin:4.0]]
[2022.06.27-01.22.00:976][  0]LogConfig: Setting CVar [[r.SkyAtmosphere.FastSkyLUT.SampleCountMax:128.0]]
[2022.06.27-01.22.00:976][  0]LogConfig: Setting CVar [[r.SkyAtmosphere.SampleCountMin:4.0]]
[2022.06.27-01.22.00:976][  0]LogConfig: Setting CVar [[r.SkyAtmosphere.SampleCountMax:128.0]]
[2022.06.27-01.22.00:976][  0]LogConfig: Setting CVar [[r.SkyAtmosphere.TransmittanceLUT.UseSmallFormat:0]]
[2022.06.27-01.22.00:976][  0]LogConfig: Setting CVar [[r.SkyAtmosphere.TransmittanceLUT.SampleCount:10.0]]
[2022.06.27-01.22.00:976][  0]LogConfig: Setting CVar [[r.SkyAtmosphere.MultiScatteringLUT.SampleCount:15.0]]
[2022.06.27-01.22.00:976][  0]LogConfig: Setting CVar [[r.SkyLight.RealTimeReflectionCapture:1]]
[2022.06.27-01.22.00:976][  0]LogConfig: Applying CVar settings from Section [FoliageQuality@3] File [C:/Users/llaughlin/Documents/GitHub/Cordyceps/Saved/Config/Windows/Scalability.ini]
[2022.06.27-01.22.00:976][  0]LogConfig: Setting CVar [[foliage.DensityScale:1.0]]
[2022.06.27-01.22.00:976][  0]LogConfig: Setting CVar [[grass.DensityScale:1.0]]
[2022.06.27-01.22.00:976][  0]LogConfig: Applying CVar settings from Section [ShadingQuality@3] File [C:/Users/llaughlin/Documents/GitHub/Cordyceps/Saved/Config/Windows/Scalability.ini]
[2022.06.27-01.22.00:976][  0]LogConfig: Setting CVar [[r.HairStrands.SkyLighting.IntegrationType:2]]
[2022.06.27-01.22.00:976][  0]LogConfig: Setting CVar [[r.HairStrands.SkyAO.SampleCount:4]]
[2022.06.27-01.22.00:976][  0]LogConfig: Setting CVar [[r.HairStrands.Visibility.MSAA.SamplePerPixel:4]]
[2022.06.27-01.22.00:976][  0]LogConfig: Applying CVar settings from Section [Startup] File [../../../Engine/Config/ConsoleVariables.ini]
[2022.06.27-01.22.00:976][  0]LogConfig: Setting CVar [[net.UseAdaptiveNetUpdateFrequency:0]]
[2022.06.27-01.22.00:976][  0]LogConfig: Setting CVar [[p.chaos.AllowCreatePhysxBodies:1]]
[2022.06.27-01.22.00:976][  0]LogConfig: Setting CVar [[fx.SkipVectorVMBackendOptimizations:1]]
[2022.06.27-01.22.00:976][  0]LogConfig: Applying CVar settings from Section [ConsoleVariables] File [C:/Users/llaughlin/Documents/GitHub/Cordyceps/Saved/Config/Windows/Engine.ini]
[2022.06.27-01.22.00:976][  0]LogConfig: Applying CVar settings from Section [ConsoleVariables] File [C:/Users/llaughlin/Documents/GitHub/Cordyceps/Saved/Config/Windows/Editor.ini]
[2022.06.27-01.22.00:976][  0]LogInit: Computer: MEL-117-2538
[2022.06.27-01.22.00:976][  0]LogInit: User: llaughlin
[2022.06.27-01.22.00:976][  0]LogInit: CPU Page size=4096, Cores=4
[2022.06.27-01.22.00:976][  0]LogInit: High frequency timer resolution =10.000000 MHz
[2022.06.27-01.22.00:976][  0]LogMemory: Memory total: Physical=31.9GB (32GB approx)
[2022.06.27-01.22.00:976][  0]LogMemory: Platform Memory Stats for Windows
[2022.06.27-01.22.00:976][  0]LogMemory: Process Physical Memory: 144.27 MB used, 144.27 MB peak
[2022.06.27-01.22.00:976][  0]LogMemory: Process Virtual Memory: 120.46 MB used, 120.46 MB peak
[2022.06.27-01.22.00:976][  0]LogMemory: Physical Memory: 11536.69 MB used,  21146.46 MB free, 32683.16 MB total
[2022.06.27-01.22.00:976][  0]LogMemory: Virtual Memory: 134194896.00 MB used,  22831.03 MB free, 134217728.00 MB total
[2022.06.27-01.22.00:981][  0]LogWindows: WindowsPlatformFeatures enabled
[2022.06.27-01.22.01:001][  0]LogInit: Physics initialised using underlying interface: PhysX
[2022.06.27-01.22.01:001][  0]LogInit: Using OS detected language (en-US).
[2022.06.27-01.22.01:001][  0]LogInit: Using OS detected locale (en-AU).
[2022.06.27-01.22.01:005][  0]LogTextLocalizationManager: No specific localization for 'en-US' exists, so the 'en' localization will be used.
[2022.06.27-01.22.01:230][  0]LogInit: Setting process to per monitor DPI aware
[2022.06.27-01.22.01:244][  0]LogWindowsTextInputMethodSystem: Display: IME system deactivated.
[2022.06.27-01.22.01:258][  0]LogSlate: New Slate User Created.  User Index 0, Is Virtual User: 0
[2022.06.27-01.22.01:258][  0]LogSlate: Slate User Registered.  User Index 0, Is Virtual User: 0
[2022.06.27-01.22.01:378][  0]LogD3D11RHI: Loaded GFSDK_Aftermath_Lib.x64.dll
[2022.06.27-01.22.01:381][  0]LogHMD: Failed to initialize OpenVR with code 110
[2022.06.27-01.22.01:381][  0]LogD3D11RHI: D3D11 min allowed feature level: 11_0
[2022.06.27-01.22.01:381][  0]LogD3D11RHI: D3D11 max allowed feature level: 11_0
[2022.06.27-01.22.01:381][  0]LogD3D11RHI: D3D11 adapters:
[2022.06.27-01.22.01:469][  0]LogD3D11RHI:    0. 'NVIDIA GeForce GTX 980' (Feature Level 11_0)
[2022.06.27-01.22.01:469][  0]LogD3D11RHI:       4053/0/16341 MB DedicatedVideo/DedicatedSystem/SharedSystem, Outputs:1, VendorId:0x10de
[2022.06.27-01.22.01:471][  0]LogD3D11RHI:    1. 'Microsoft Basic Render Driver' (Feature Level 11_0)
[2022.06.27-01.22.01:471][  0]LogD3D11RHI:       0/0/16341 MB DedicatedVideo/DedicatedSystem/SharedSystem, Outputs:0, VendorId:0x1414
[2022.06.27-01.22.01:471][  0]LogD3D11RHI: Chosen D3D11 Adapter:
[2022.06.27-01.22.01:471][  0]LogD3D11RHI:     Description : NVIDIA GeForce GTX 980
[2022.06.27-01.22.01:471][  0]LogD3D11RHI:     VendorId    : 10de
[2022.06.27-01.22.01:471][  0]LogD3D11RHI:     DeviceId    : 13c0
[2022.06.27-01.22.01:471][  0]LogD3D11RHI:     SubSysId    : 367c1458
[2022.06.27-01.22.01:471][  0]LogD3D11RHI:     Revision    : 00a1
[2022.06.27-01.22.01:471][  0]LogD3D11RHI:     DedicatedVideoMemory : 4250206208 bytes
[2022.06.27-01.22.01:471][  0]LogD3D11RHI:     DedicatedSystemMemory : 0 bytes
[2022.06.27-01.22.01:471][  0]LogD3D11RHI:     SharedSystemMemory : 17135386624 bytes
[2022.06.27-01.22.01:472][  0]LogD3D11RHI:     AdapterLuid : 0 37713
[2022.06.27-01.22.01:477][  0]LogD3D11RHI: Creating new Direct3DDevice
[2022.06.27-01.22.01:477][  0]LogD3D11RHI:     GPU DeviceId: 0x13c0 (for the marketing name, search the web for "GPU Device Id")
[2022.06.27-01.22.01:477][  0]LogWindows: EnumDisplayDevices:
[2022.06.27-01.22.01:477][  0]LogWindows:    0. 'NVIDIA GeForce GTX 980' (P:1 D:1)
[2022.06.27-01.22.01:478][  0]LogWindows:    1. 'NVIDIA GeForce GTX 980' (P:0 D:0)
[2022.06.27-01.22.01:478][  0]LogWindows:    2. 'NVIDIA GeForce GTX 980' (P:0 D:0)
[2022.06.27-01.22.01:478][  0]LogWindows:    3. 'NVIDIA GeForce GTX 980' (P:0 D:0)
[2022.06.27-01.22.01:478][  0]LogWindows: DebugString: FoundDriverCount:4 
[2022.06.27-01.22.01:479][  0]LogD3D11RHI:     Adapter Name: NVIDIA GeForce GTX 980
[2022.06.27-01.22.01:479][  0]LogD3D11RHI:   Driver Version: 456.71 (internal:27.21.14.5671, unified:456.71)
[2022.06.27-01.22.01:479][  0]LogD3D11RHI:      Driver Date: 9-30-2020
[2022.06.27-01.22.01:479][  0]LogRHI: Texture pool is 2837 MB (70% of 4053 MB)
[2022.06.27-01.22.01:479][  0]LogD3D11RHI: Creating D3DDevice using adapter:
[2022.06.27-01.22.01:479][  0]LogD3D11RHI:     Description : NVIDIA GeForce GTX 980
[2022.06.27-01.22.01:479][  0]LogD3D11RHI:     VendorId    : 10de
[2022.06.27-01.22.01:479][  0]LogD3D11RHI:     DeviceId    : 13c0
[2022.06.27-01.22.01:479][  0]LogD3D11RHI:     SubSysId    : 367c1458
[2022.06.27-01.22.01:479][  0]LogD3D11RHI:     Revision    : 00a1
[2022.06.27-01.22.01:479][  0]LogD3D11RHI:     DedicatedVideoMemory : 4250206208 bytes
[2022.06.27-01.22.01:479][  0]LogD3D11RHI:     DedicatedSystemMemory : 0 bytes
[2022.06.27-01.22.01:479][  0]LogD3D11RHI:     SharedSystemMemory : 17135386624 bytes
[2022.06.27-01.22.01:479][  0]LogD3D11RHI:     AdapterLuid : 0 37713
[2022.06.27-01.22.01:534][  0]LogD3D11RHI: RHI has support for 64 bit atomics
[2022.06.27-01.22.01:534][  0]LogD3D11RHI: Async texture creation enabled
[2022.06.27-01.22.01:535][  0]LogD3D11RHI: Array index from any shader is supported
[2022.06.27-01.22.01:552][  0]LogD3D11RHI: GPU Timing Frequency: 1000.000000 (Debug: 2 1)
[2022.06.27-01.22.01:600][  0]LogRHI: GeForceNow SDK initialized: 1
[2022.06.27-01.22.01:894][  0]LogTargetPlatformManager: Display: Loaded TargetPlatform 'AllDesktop'
[2022.06.27-01.22.01:915][  0]LogTargetPlatformManager: Display: Loaded TargetPlatform 'Android'
[2022.06.27-01.22.01:915][  0]LogTargetPlatformManager: Display: Loaded TargetPlatform 'Android_ASTC'
[2022.06.27-01.22.01:915][  0]LogTargetPlatformManager: Display: Loaded TargetPlatform 'Android_DXT'
[2022.06.27-01.22.01:915][  0]LogTargetPlatformManager: Display: Loaded TargetPlatform 'Android_ETC2'
[2022.06.27-01.22.01:915][  0]LogTargetPlatformManager: Display: Loaded TargetPlatform 'AndroidClient'
[2022.06.27-01.22.01:915][  0]LogTargetPlatformManager: Display: Loaded TargetPlatform 'Android_ASTCClient'
[2022.06.27-01.22.01:915][  0]LogTargetPlatformManager: Display: Loaded TargetPlatform 'Android_DXTClient'
[2022.06.27-01.22.01:915][  0]LogTargetPlatformManager: Display: Loaded TargetPlatform 'Android_ETC2Client'
[2022.06.27-01.22.01:915][  0]LogTargetPlatformManager: Display: Loaded TargetPlatform 'Android_Multi'
[2022.06.27-01.22.01:915][  0]LogTargetPlatformManager: Display: Loaded TargetPlatform 'Android_MultiClient'
[2022.06.27-01.22.01:931][  0]LogTargetPlatformManager: Display: Loaded TargetPlatform 'IOSClient'
[2022.06.27-01.22.01:931][  0]LogTargetPlatformManager: Display: Loaded TargetPlatform 'IOS'
[2022.06.27-01.22.01:939][  0]LogTargetPlatformManager: Display: Loaded TargetPlatform 'Linux'
[2022.06.27-01.22.01:943][  0]LogTargetPlatformManager: Display: Loaded TargetPlatform 'LinuxNoEditor'
[2022.06.27-01.22.01:947][  0]LogTargetPlatformManager: Display: Loaded TargetPlatform 'LinuxClient'
[2022.06.27-01.22.01:950][  0]LogTargetPlatformManager: Display: Loaded TargetPlatform 'LinuxServer'
[2022.06.27-01.22.01:959][  0]LogTargetPlatformManager: Display: Loaded TargetPlatform 'LinuxAArch64NoEditor'
[2022.06.27-01.22.01:962][  0]LogTargetPlatformManager: Display: Loaded TargetPlatform 'LinuxAArch64Client'
[2022.06.27-01.22.01:966][  0]LogTargetPlatformManager: Display: Loaded TargetPlatform 'LinuxAArch64Server'
[2022.06.27-01.22.01:988][  0]LogTargetPlatformManager: Display: Loaded TargetPlatform 'Lumin'
[2022.06.27-01.22.01:988][  0]LogTargetPlatformManager: Display: Loaded TargetPlatform 'LuminClient'
[2022.06.27-01.22.01:995][  0]LogTargetPlatformManager: Display: Loaded TargetPlatform 'MacNoEditor'
[2022.06.27-01.22.01:999][  0]LogTargetPlatformManager: Display: Loaded TargetPlatform 'Mac'
[2022.06.27-01.22.02:003][  0]LogTargetPlatformManager: Display: Loaded TargetPlatform 'MacClient'
[2022.06.27-01.22.02:006][  0]LogTargetPlatformManager: Display: Loaded TargetPlatform 'MacServer'
[2022.06.27-01.22.02:015][  0]LogTargetPlatformManager: Display: Loaded TargetPlatform 'TVOSClient'
[2022.06.27-01.22.02:015][  0]LogTargetPlatformManager: Display: Loaded TargetPlatform 'TVOS'
[2022.06.27-01.22.02:023][  0]LogTargetPlatformManager: Display: Loaded TargetPlatform 'WindowsNoEditor'
[2022.06.27-01.22.02:026][  0]LogTargetPlatformManager: Display: Loaded TargetPlatform 'Windows'
[2022.06.27-01.22.02:030][  0]LogTargetPlatformManager: Display: Loaded TargetPlatform 'WindowsClient'
[2022.06.27-01.22.02:034][  0]LogTargetPlatformManager: Display: Loaded TargetPlatform 'WindowsServer'
[2022.06.27-01.22.02:034][  0]LogTargetPlatformManager: Display: Building Assets For Windows
[2022.06.27-01.22.02:039][  0]LogAudioDebug: Display: Lib vorbis DLL was dynamically loaded.
[2022.06.27-01.22.02:064][  0]LogTextureFormatOodle: Display: Oodle Texture 2.9.0 init RDO Off
[2022.06.27-01.22.02:088][  0]LogRendererCore: Ray tracing is disabled. Reason: r.RayTracing=0.
[2022.06.27-01.22.02:088][  0]LogShaderCompilers: Guid format shader working directory is -8 characters bigger than the processId version (../../../../../Users/llaughlin/Documents/GitHub/Cordyceps/Intermediate/Shaders/WorkingDirectory/13316/).
[2022.06.27-01.22.02:088][  0]LogShaderCompilers: Cleaned the shader compiler working directory 'C:/Users/llaughlin/AppData/Local/Temp/UnrealShaderWorkingDir/19BD17F043294AE40C70E0B0113A0FE3/'.
[2022.06.27-01.22.02:088][  0]LogXGEController: Cannot use XGE Controller as Incredibuild is not installed on this machine.
[2022.06.27-01.22.02:088][  0]LogShaderCompilers: Cannot use XGE Shader Compiler as Incredibuild is not installed on this machine.
[2022.06.27-01.22.02:089][  0]LogShaderCompilers: Display: Using Local Shader Compiler.
[2022.06.27-01.22.02:807][  0]LogDerivedDataCache: Display: Max Cache Size: 512 MB
[2022.06.27-01.22.02:863][  0]LogDerivedDataCache: Loaded boot cache 0.06s 94MB C:/Users/llaughlin/AppData/Local/UnrealEngine/4.27/DerivedDataCache/Boot.ddc.
[2022.06.27-01.22.02:863][  0]LogDerivedDataCache: Display: Loaded Boot cache: C:/Users/llaughlin/AppData/Local/UnrealEngine/4.27/DerivedDataCache/Boot.ddc
[2022.06.27-01.22.02:863][  0]LogDerivedDataCache: FDerivedDataBackendGraph:  Pak pak cache file ../../../../../Users/llaughlin/Documents/GitHub/Cordyceps/DerivedDataCache/DDC.ddp not found, will not use a pak cache.
[2022.06.27-01.22.02:863][  0]LogDerivedDataCache: Unable to find inner node Pak for hierarchical cache Hierarchy.
[2022.06.27-01.22.02:863][  0]LogDerivedDataCache: FDerivedDataBackendGraph:  CompressedPak pak cache file ../../../../../Users/llaughlin/Documents/GitHub/Cordyceps/DerivedDataCache/Compressed.ddp not found, will not use a pak cache.
[2022.06.27-01.22.02:863][  0]LogDerivedDataCache: Unable to find inner node CompressedPak for hierarchical cache Hierarchy.
[2022.06.27-01.22.02:880][  0]LogDerivedDataCache: Display: Pak cache opened for reading ../../../Engine/DerivedDataCache/Compressed.ddp.
[2022.06.27-01.22.02:880][  0]LogDerivedDataCache: FDerivedDataBackendGraph:  EnterprisePak pak cache file ../../../Enterprise/DerivedDataCache/Compressed.ddp not found, will not use a pak cache.
[2022.06.27-01.22.02:880][  0]LogDerivedDataCache: Unable to find inner node EnterprisePak for hierarchical cache Hierarchy.
[2022.06.27-01.22.02:887][  0]LogDerivedDataCache: Speed tests for C:/Users/llaughlin/AppData/Local/UnrealEngine/Common/DerivedDataCache took 0.01 seconds
[2022.06.27-01.22.02:887][  0]LogDerivedDataCache: Display: Performance to C:/Users/llaughlin/AppData/Local/UnrealEngine/Common/DerivedDataCache: Latency=0.03ms. RandomReadSpeed=1540.24MBs, RandomWriteSpeed=178.01MBs. Assigned SpeedClass 'Local'
[2022.06.27-01.22.02:887][  0]LogDerivedDataCache: Using Local data cache path C:/Users/llaughlin/AppData/Local/UnrealEngine/Common/DerivedDataCache: Writable
[2022.06.27-01.22.02:887][  0]LogDerivedDataCache: Shared data cache path not found in *engine.ini, will not use an Shared cache.
[2022.06.27-01.22.02:887][  0]LogDerivedDataCache: Unable to find inner node Shared for hierarchical cache Hierarchy.
[2022.06.27-01.22.02:935][  0]LogSlate: Using FreeType 2.10.0
[2022.06.27-01.22.02:935][  0]LogSlate: SlateFontServices - WITH_FREETYPE: 1, WITH_HARFBUZZ: 1
[2022.06.27-01.22.02:963][  0]LogAssetRegistry: FAssetRegistry took 0.0025 seconds to start up
[2022.06.27-01.22.03:214][  0]LogInit: Selected Device Profile: [Windows]
[2022.06.27-01.22.03:214][  0]LogInit: Active device profile: [0000024BEC488900][0000024BECB2D380 49] Windows
[2022.06.27-01.22.03:214][  0]LogInit: Profiles: [0000024BEC488900][0000024BECB2D380 49] Windows, [0000024BEC443800][0000024BECB29500 49] WindowsNoEditor, [0000024BEC48B500][0000024BE5AD3680 49] WindowsServer, [0000024BEC440E00][0000024BE3831800 49] WindowsClient, [0000024BEC48B800][0000024BE3D65980 49] IOS, [0000024BEC442800][0000024BE5555B00 49] iPadAir, [0000024BEC48A000][0000024BE5558100 49] iPadAir2, [0000024BEC3E4A00][0000024BE55763C0 49] IPadPro, [0000024BEC3E4B00][0000024BE5572400 49] iPadAir3, [0000024BEC441900][0000024BEB444580 49] iPadAir4, [0000024BEC3E7400][0000024BEB448700 49] iPadMini2, [0000024BEC442A00][0000024BEB44C880 49] iPadMini3, [0000024BEC3E5700][0000024BE3D609C0 49] iPadMini4, [0000024BEC489100][0000024BEB32CB00 49] iPadMini5, [0000024BEC410300][0000024BEB334D40 49] iPhone6, [0000024BEC410400][0000024BEB330D80 49] iPodTouch6, [0000024BEC3DFF00][0000024BEB639040 49] iPhone7, [0000024BEC3DFE00][0000024BEB33D080 49] iPodTouch7, [0000024BEC442500][0000024BEB63D200 49] iPhone5S, [0000024BEC3DDA00][0000024BEB641380 49] iPhone6Plus, [0000024BEC410200][0000024BEB645500 49] iPhone6S, [0000024BEC3DC600][0000024BEB649680 49] iPhone6SPlus, [0000024BEC412900][0000024BEB64D800 49] iPhone7Plus, [0000024BEC3DF100][0000024BEB651980 49] iPhoneSE, [0000024BEC412200][0000024BE37C3B00 49] iPhone8, [0000024BEC3DFB00][0000024BE37C6100 49] iPhone8Plus, [0000024BEC410800][0000024BE37CA280 49] iPhoneX, [0000024BEC3DD600][0000024BE37CE400 49] iPhoneXS, [0000024BEC413C00][0000024BE37D2580 49] iPhoneXSMax, [0000024BEC3DC700][0000024BE37D6700 49] iPhoneXR, [0000024BEC411300][0000024BE37DA880 49] iPhone11, [0000024BEC3DE700][0000024BE37DEA00 49] iPhone11Pro, [0000024BEC411000][0000024BEB338B40 49] iPhone11ProMax, [0000024BEC3DEA00][0000024BEB5FAC80 49] iPhoneSE2, [0000024BEC411400][0000024BEB5FEDC0 49] iPhone12Mini, [0000024BEC3DE400][0000024BEB602F00 49] iPhone12, [0000024BEC410D00][0000024BEB60B080 49] iPhone12Pro, [0000024BEC3DEB00][0000024BEB60F200 49] iPhone12ProMax, [0000024BEC413000][0000024BEB613380 49] iPadPro105, [0000024BEC3DC200][0000024BEB617500 49] iPadPro129, [0000024BEC412B00][0000024BEB61B680 49] iPadPro97, [0000024BEC3DE600][0000024BEB61F800 49] iPadPro2_129, [0000024BEC413B00][0000024BE55C7980 49] iPad5, [0000024BEC3DE200][0000024BE55CBB00 49] iPad6, [0000024BEC410F00][0000024BE55CE100 49] iPad7, [0000024BEC3DDD00][0000024BE55D2280 49] iPad8, [0000024BEC410900][0000024BE55D6400 49] iPadPro11, [0000024BEC3DCF00][0000024BE55DA580 49] iPadPro2_11, [0000024BEC413200][0000024BE55DE700 49] iPadPro3_129, [0000024BEC3DFC00][0000024BE55E2880 49] iPadPro4_129, [0000024BEC410C00][0000024BE55E6A00 49] AppleTV, [0000024BEC3DE100][0000024BE55EAB80 49] AppleTV4K, [0000024BEC413100][0000024BECB00D00 49] TVOS, [0000024BEC3DF400][0000024BEB606E40 49] Mac, [0000024BEC413800][0000024BECB04F80 49] MacClient, [0000024BEC3DDE00][0000024BECB090C0 49] MacNoEditor, [0000024BEC413F00][0000024BECB11240 49] MacServer, [0000024BEC3DEE00][0000024BECB153C0 49] Linux, [0000024BEC410B00][0000024BECB19540 49] LinuxAArch64, [0000024BEC3DDF00][0000024BECB1D6C0 49] LinuxNoEditor, [0000024BEC411B00][0000024BECB21840 49] LinuxAArch64NoEditor, [0000024BEC3DF900][0000024BECB259C0 49] LinuxClient, [0000024BEC413500][0000024BE5A4BB40 49] LinuxAArch64Client, [0000024BEC3DE300][0000024BE5A4E140 49] LinuxServer, [0000024BEC410500][0000024BE5A522C0 49] LinuxAArch64Server, [0000024BEC3DCD00][0000024BE5A56440 49] Android, [0000024BEC411900][0000024BE5A5A5C0 49] Android_Low, [0000024BEC3DF600][0000024BE5A5E740 49] Android_Mid, [0000024BEC412D00][0000024BE5A628C0 49] Android_High, [0000024BEC3DF800][0000024BE5A66A40 49] Android_Default, [0000024BEC412100][0000024BE5A6ABC0 49] Android_Adreno4xx, [0000024BEC3DC900][0000024BE5A6ED40 49] Android_Adreno5xx_Low, [0000024BEC3E7600][0000024BE5A72EC0 49] Android_Adreno5xx, [0000024BEC440900][0000024BECB0D000 49] Android_Adreno6xx, [0000024BEC3E5800][0000024BE5A77140 49] Android_Adreno6xx_Vulkan, [0000024BEC440F00][0000024BE5A7B280 49] Android_Mali_T6xx, [0000024BEC3E5200][0000024BE5A7F3C0 49] Android_Mali_T7xx, [0000024BEC443900][0000024BEB50D540 49] Android_Mali_T8xx, [0000024BEC3E5E00][0000024BEB5116C0 49] Android_Mali_G71, [0000024BEC440500][0000024BEB515840 49] Android_Mali_G72, [0000024BEC3E4600][0000024BEB5199C0 49] Android_Mali_G72_Vulkan, [0000024BEC441200][0000024BEB51DB40 49] Android_Mali_G76, [0000024BEC3E4100][0000024BEB520140 49] Android_Mali_G76_Vulkan, [0000024BEC441F00][0000024BEB5242C0 49] Android_Mali_G77, [0000024BEC3E4C00][0000024BEB528440 49] Android_Mali_G77_Vulkan, [0000024BEC440A00][0000024BEB52C5C0 49] Android_Mali_G78, [0000024BEC3E6C00][0000024BEB530740 49] Android_Mali_G78_Vulkan, [0000024BEC443600][0000024BEB5348C0 49] Android_Mali_G710, [0000024BEC3E6400][0000024BEB538A40 49] Android_Mali_G710_Vulkan, [0000024BEC442700][0000024BEB53CBC0 49] Android_Vulkan_SM5, [0000024BEC3E7B00][0000024BEB540D40 49] Android_PowerVR_G6xxx, [0000024BEC443400][0000024BEB544EC0 49] Android_PowerVR_GT7xxx, [0000024BEC3E6300][0000024BEB549040 49] Android_PowerVR_GE8xxx, [0000024BEC442E00][0000024BE5A83180 49] Android_PowerVR_GM9xxx, [0000024BEC3E7F00][0000024BEB54D2C0 49] Android_PowerVR_GM9xxx_Vulkan, [0000024BEC441600][0000024BEB551400 49] Android_TegraK1, [0000024BEC3E4400][0000024BEB555540 49] Android_Unknown_Vulkan, [0000024BEC442D00][0000024BEB55D6C0 49] Lumin, [0000024BEC3E4500][0000024BEB561840 49] Lumin_Desktop, [0000024BEC440D00][0000024BEB5659C0 49] HoloLens, 
[2022.06.27-01.22.03:332][  0]LogMeshReduction: Using QuadricMeshReduction for automatic static mesh reduction
[2022.06.27-01.22.03:332][  0]LogMeshReduction: Using SimplygonMeshReduction for automatic skeletal mesh reduction
[2022.06.27-01.22.03:333][  0]LogMeshReduction: Using ProxyLODMeshReduction for automatic mesh merging
[2022.06.27-01.22.03:333][  0]LogMeshReduction: No distributed automatic mesh merging module available
[2022.06.27-01.22.03:333][  0]LogMeshMerging: No distributed automatic mesh merging module available
[2022.06.27-01.22.03:348][  0]LogNetVersion: Cordyceps 1.0.0, NetCL: 17155196, EngineNetVer: 17, GameNetVer: 0 (Checksum: 1164464167)
[2022.06.27-01.22.03:731][  0]LogTexture: Default maximum texture size for cubemaps generated from long-lat sources has been changed from 512 to unlimited. In order to preserve old behaiour for '/Engine/MapTemplates/Sky/DaylightAmbientCubemap.DaylightAmbientCubemap', its maximum texture size has been explicitly set to 512.
[2022.06.27-01.22.03:788][  0]LogHMD: PokeAHoleMaterial loaded successfully
[2022.06.27-01.22.03:793][  0]LogUObjectArray: 17178 objects as part of root set at end of initial load.
[2022.06.27-01.22.03:793][  0]LogUObjectAllocator: 4302048 out of 0 bytes used by permanent object pool.
[2022.06.27-01.22.03:793][  0]LogUObjectArray: CloseDisregardForGC: 0/0 objects in disregard for GC pool
[2022.06.27-01.22.04:034][  0]LogNiagaraDebuggerClient: Niagara Debugger Client Initialized | Session: 46D1404344E7C18DD07F418734D8F107 | Instance: 855642094740DB09BC148C9755B51B1C (MEL-117-2538-13316).
[2022.06.27-01.22.04:152][  0]LogTcpMessaging: Initializing TcpMessaging bridge
[2022.06.27-01.22.04:155][  0]LogUdpMessaging: Initializing bridge on interface 0.0.0.0:0 to multicast group 230.0.0.1:6666.
[2022.06.27-01.22.04:169][  0]LogPython: Using Python 3.7.7
[2022.06.27-01.22.04:876][  0]SourceControl: Source control is disabled
[2022.06.27-01.22.04:877][  0]SourceControl: Source control is disabled
[2022.06.27-01.22.04:880][  0]SourceControl: Source control is disabled
[2022.06.27-01.22.04:883][  0]SourceControl: Source control is disabled
[2022.06.27-01.22.04:892][  0]SourceControl: Source control is disabled
[2022.06.27-01.22.04:904][  0]LogUProjectInfo: Found projects:
[2022.06.27-01.22.05:145][  0]LogOpenImageDenoise: OIDN starting up
[2022.06.27-01.22.05:157][  0]LogAndroidPermission: UAndroidPermissionCallbackProxy::GetInstance
[2022.06.27-01.22.05:180][  0]LogAudioCaptureCore: Display: No Audio Capture implementations found. Audio input will be silent.
[2022.06.27-01.22.05:180][  0]LogAudioCaptureCore: Display: No Audio Capture implementations found. Audio input will be silent.
[2022.06.27-01.22.05:305][  0]LogCollectionManager: Loaded 0 collections in 0.001986 seconds
[2022.06.27-01.22.05:330][  0]LogFileCache: Scanning file cache for directory 'C:/Users/llaughlin/Documents/GitHub/Cordyceps/Saved/Collections/' took 0.00s
[2022.06.27-01.22.05:330][  0]LogFileCache: Scanning file cache for directory 'C:/Users/llaughlin/Documents/GitHub/Cordyceps/Content/Developers/llaughlin/Collections/' took 0.00s
[2022.06.27-01.22.05:330][  0]LogFileCache: Scanning file cache for directory 'C:/Users/llaughlin/Documents/GitHub/Cordyceps/Content/Collections/' took 0.00s
[2022.06.27-01.22.05:330][  0]LogOcInput: OculusInput pre-init called
[2022.06.27-01.22.05:582][  0]LogEngine: Initializing Engine...
[2022.06.27-01.22.05:584][  0]LogHMD: Failed to enumerate extensions. Please check that you have a valid OpenXR runtime installed.
[2022.06.27-01.22.05:585][  0]LogHMD: Failed to initialize OpenVR with code 110
[2022.06.27-01.22.05:585][  0]LogMagicLeap: Warning: VR disabled because ZI is not enabled.  To enable, in the editor, Edit -> Project Settings -> Plugins -> Magic Leap Plugin -> Enable Zero Iteration
[2022.06.27-01.22.05:586][  0]LogStats: UGameplayTagsManager::InitializeManager -  0.000 s
[2022.06.27-01.22.05:718][  0]LogInit: Initializing FReadOnlyCVARCache
[2022.06.27-01.22.05:725][  0]LogAIModule: Creating AISystem for world Untitled
[2022.06.27-01.22.05:733][  0]LogAudio: Display: Initializing Audio Device Manager...
[2022.06.27-01.22.05:737][  0]LogAudio: Display: Loading Default Audio Settings Objects...
[2022.06.27-01.22.05:737][  0]LogAudio: Display: No default SoundConcurrencyObject specified (or failed to load).
[2022.06.27-01.22.05:738][  0]LogAudio: Display: Audio Device Manager Initialized
[2022.06.27-01.22.05:738][  0]LogAudio: Display: Creating Audio Device:                 Id: 1, Scope: Shared, Realtime: True
[2022.06.27-01.22.05:738][  0]LogAudioMixer: Display: Audio Mixer Platform Settings:
[2022.06.27-01.22.05:738][  0]LogAudioMixer: Display: 	Sample Rate:						  48000
[2022.06.27-01.22.05:738][  0]LogAudioMixer: Display: 	Callback Buffer Frame Size Requested: 1024
[2022.06.27-01.22.05:738][  0]LogAudioMixer: Display: 	Callback Buffer Frame Size To Use:	  1024
[2022.06.27-01.22.05:738][  0]LogAudioMixer: Display: 	Number of buffers to queue:			  2
[2022.06.27-01.22.05:738][  0]LogAudioMixer: Display: 	Max Channels (voices):				  32
[2022.06.27-01.22.05:738][  0]LogAudioMixer: Display: 	Number of Async Source Workers:		  0
[2022.06.27-01.22.05:738][  0]LogAudio: Display: AudioDevice MaxSources: 32
[2022.06.27-01.22.05:738][  0]LogAudio: Display: Audio Spatialization Plugin: None (built-in).
[2022.06.27-01.22.05:738][  0]LogAudio: Display: Audio Reverb Plugin: None (built-in).
[2022.06.27-01.22.05:738][  0]LogAudio: Display: Audio Occlusion Plugin: None (built-in).
[2022.06.27-01.22.05:738][  0]LogAudioMixer: Display: Initializing audio mixer.
[2022.06.27-01.22.05:750][  0]LogAudioMixer: Display: 0: FrontLeft
[2022.06.27-01.22.05:750][  0]LogAudioMixer: Display: 1: FrontRight
[2022.06.27-01.22.05:786][  0]LogAudioMixer: Display: Using Audio Device U28E850 (NVIDIA High Definition Audio)
[2022.06.27-01.22.05:789][  0]LogAudioMixer: Display: Initializing Sound Submixes...
[2022.06.27-01.22.05:790][  0]LogAudioMixer: Display: Creating Master Submix 'MasterSubmixDefault'
[2022.06.27-01.22.05:790][  0]LogAudioMixer: Display: Creating Master Submix 'MasterReverbSubmixDefault'
[2022.06.27-01.22.05:791][  0]LogAudioMixer: Display: Creating Master Submix 'MasterEQSubmixDefault'
[2022.06.27-01.22.05:791][  0]LogAudioMixer: FMixerPlatformXAudio2::StartAudioStream() called
[2022.06.27-01.22.05:791][  0]LogAudioMixer: Display: Output buffers initialized: Frames=1024, Channels=2, Samples=2048
[2022.06.27-01.22.05:792][  0]LogAudioMixer: Display: Starting AudioMixerPlatformInterface::RunInternal()
[2022.06.27-01.22.05:792][  0]LogAudioMixer: Display: FMixerPlatformXAudio2::SubmitBuffer() called for the first time
[2022.06.27-01.22.05:792][  0]LogInit: FAudioDevice initialized.
[2022.06.27-01.22.05:793][  0]LogAudio: Display: Audio Device (ID: 1) registered with world 'Untitled'.
[2022.06.27-01.22.05:793][  0]LogNetVersion: Set ProjectVersion to 1.0.0.0. Version Checksum will be recalculated on next use.
[2022.06.27-01.22.05:877][  0]LogDerivedDataCache: Saved boot cache 0.09s 94MB C:/Users/llaughlin/AppData/Local/UnrealEngine/4.27/DerivedDataCache/Boot.ddc.
[2022.06.27-01.22.05:878][  0]LogInit: Texture streaming: Enabled
[2022.06.27-01.22.05:892][  0]LogAnalytics: Display: [UEEditor.Rocket.Release] APIServer = https://datarouter.ol.epicgames.com/. AppVersion = 4.27.2-18319896+++UE4+Release-4.27
[2022.06.27-01.22.05:899][  0]LogEngineSessionManager: EngineSessionManager initialized
[2022.06.27-01.22.05:900][  0]LogEditorSessionSummary: Verbose: Initializing EditorSessionSummaryWriter for editor session tracking
[2022.06.27-01.22.05:905][  0]LogEditorSessionSummary: EditorSessionSummaryWriter initialized
[2022.06.27-01.22.05:933][  0]LogInit: Transaction tracking system initialized
[2022.06.27-01.22.05:952][  0]BlueprintLog: New page: Editor Load
[2022.06.27-01.22.06:002][  0]LocalizationService: Localization service is disabled
[2022.06.27-01.22.06:020][  0]TimingProfiler: Initialize
[2022.06.27-01.22.06:020][  0]TimingProfiler: OnSessionChanged
[2022.06.27-01.22.06:020][  0]LoadingProfiler: Initialize
[2022.06.27-01.22.06:020][  0]LoadingProfiler: OnSessionChanged
[2022.06.27-01.22.06:020][  0]NetworkingProfiler: Initialize
[2022.06.27-01.22.06:020][  0]NetworkingProfiler: OnSessionChanged
[2022.06.27-01.22.06:020][  0]MemoryProfiler: Initialize
[2022.06.27-01.22.06:021][  0]MemoryProfiler: OnSessionChanged
[2022.06.27-01.22.06:156][  0]LogCook: Display: CookSettings for Memory: MemoryMaxUsedVirtual 0MiB, MemoryMaxUsedPhysical 16384MiB, MemoryMinFreeVirtual 0MiB, MemoryMinFreePhysical 1024MiB
[2022.06.27-01.22.06:156][  0]LogCook: Display: Mobile HDR setting 1
[2022.06.27-01.22.06:327][  0]LogFileCache: Scanning file cache for directory 'C:/Users/llaughlin/Documents/GitHub/Cordyceps/Content/' took 0.00s
[2022.06.27-01.22.06:537][  0]LogInit: Display: Engine is initialized. Leaving FEngineLoop::Init()
[2022.06.27-01.22.06:540][  0]SourceControl: Source control is disabled
[2022.06.27-01.22.06:540][  0]LogUnrealEdMisc: Loading editor; pre map load, took 6.737
[2022.06.27-01.22.06:540][  0]Cmd: MAP LOAD FILE="../../../../../Users/llaughlin/Documents/GitHub/Cordyceps/Content/ThirdPersonBP/Maps/ThirdPersonExampleMap.umap" TEMPLATE=0 SHOWPROGRESS=1 FEATURELEVEL=3
[2022.06.27-01.22.06:540][  0]LightingResults: New page: Lighting Build
[2022.06.27-01.22.06:542][  0]LogWorld: UWorld::CleanupWorld for Untitled, bSessionEnded=true, bCleanupResources=true
[2022.06.27-01.22.06:542][  0]LogSlate: InvalidateAllWidgets triggered.  All widgets were invalidated
[2022.06.27-01.22.06:542][  0]MapCheck: New page: Map Check
[2022.06.27-01.22.06:542][  0]LightingResults: New page: Lighting Build
[2022.06.27-01.22.06:546][  0]LogAudio: Display: Audio Device unregistered from world 'None'.
[2022.06.27-01.22.06:549][  0]LogUObjectHash: Compacting FUObjectHashTables data took   0.75ms
[2022.06.27-01.22.06:814][  0]LogAudio: Display: Audio Device (ID: 1) registered with world 'ThirdPersonExampleMap'.
[2022.06.27-01.22.06:815][  0]LogAIModule: Creating AISystem for world ThirdPersonExampleMap
[2022.06.27-01.22.06:822][  0]LogEditorServer: Finished looking for orphan Actors (0.000 secs)
[2022.06.27-01.22.06:832][  0]LogUObjectHash: Compacting FUObjectHashTables data took   0.91ms
[2022.06.27-01.22.06:832][  0]Cmd: MAP CHECKDEP NOCLEARLOG
[2022.06.27-01.22.06:832][  0]MapCheck: Map check complete: 0 Error(s), 0 Warning(s), took 0.158ms to complete.
[2022.06.27-01.22.06:832][  0]LogFileHelpers: Loading map 'ThirdPersonExampleMap' took 0.292
[2022.06.27-01.22.06:834][  0]LogUnrealEdMisc: Total Editor Startup Time, took 7.031
[2022.06.27-01.22.06:972][  0]LogSlate: Updating window title bar state: overlay mode, drag disabled, window buttons hidden, title bar hidden
[2022.06.27-01.22.06:979][  0]LogSlate: Updating window title bar state: overlay mode, drag disabled, window buttons hidden, title bar hidden
[2022.06.27-01.22.06:986][  0]LogSlate: Updating window title bar state: overlay mode, drag disabled, window buttons hidden, title bar hidden
[2022.06.27-01.22.06:995][  0]LogSlate: Updating window title bar state: overlay mode, drag disabled, window buttons hidden, title bar hidden
[2022.06.27-01.22.07:011][  0]LogNativeClassHierarchy: Verbose: Native class hierarchy populated in 0.0104 seconds. Added 3822 classes and 928 folders.
[2022.06.27-01.22.07:014][  0]LogNativeClassHierarchy: Verbose: Native class hierarchy updated for 'WidgetCarousel' in 0.0003 seconds. Added 0 classes and 0 folders.
[2022.06.27-01.22.07:015][  0]LogPakFile: PakFile PrimaryIndexSize=187
[2022.06.27-01.22.07:015][  0]LogPakFile: PakFile PathHashIndexSize=101
[2022.06.27-01.22.07:015][  0]LogPakFile: PakFile FullDirectoryIndexSize=148
[2022.06.27-01.22.07:015][  0]LogShaderLibrary: Display: ShaderCodeLibraryPakFileMountedCallback: PakFile 'C:/UE4/UE_4.27/FeaturePacks/FP_FirstPerson.upack' (chunk index -1, root 'root:/') mounted
[2022.06.27-01.22.07:015][  0]LogShaderLibrary: Display: ShaderCodeLibraryPakFileMountedCallback: pending pak file info (ChunkID:-1 Root:root:/ File:C:/UE4/UE_4.27/FeaturePacks/FP_FirstPerson.upack)
[2022.06.27-01.22.07:015][  0]LogPakFile: OnPakFileMounted2Time == 0.000058
[2022.06.27-01.22.07:016][  0]LogPakFile: PakFile PrimaryIndexSize=189
[2022.06.27-01.22.07:016][  0]LogPakFile: PakFile PathHashIndexSize=101
[2022.06.27-01.22.07:016][  0]LogPakFile: PakFile FullDirectoryIndexSize=152
[2022.06.27-01.22.07:016][  0]LogShaderLibrary: Display: ShaderCodeLibraryPakFileMountedCallback: PakFile 'C:/UE4/UE_4.27/FeaturePacks/FP_FirstPersonBP.upack' (chunk index -1, root 'root:/') mounted
[2022.06.27-01.22.07:016][  0]LogShaderLibrary: Display: ShaderCodeLibraryPakFileMountedCallback: pending pak file info (ChunkID:-1 Root:root:/ File:C:/UE4/UE_4.27/FeaturePacks/FP_FirstPersonBP.upack)
[2022.06.27-01.22.07:016][  0]LogPakFile: OnPakFileMounted2Time == 0.000040
[2022.06.27-01.22.07:017][  0]LogPakFile: PakFile PrimaryIndexSize=191
[2022.06.27-01.22.07:017][  0]LogPakFile: PakFile PathHashIndexSize=101
[2022.06.27-01.22.07:017][  0]LogPakFile: PakFile FullDirectoryIndexSize=160
[2022.06.27-01.22.07:017][  0]LogShaderLibrary: Display: ShaderCodeLibraryPakFileMountedCallback: PakFile 'C:/UE4/UE_4.27/FeaturePacks/MobileStarterContent.upack' (chunk index -1, root 'root:/') mounted
[2022.06.27-01.22.07:017][  0]LogShaderLibrary: Display: ShaderCodeLibraryPakFileMountedCallback: pending pak file info (ChunkID:-1 Root:root:/ File:C:/UE4/UE_4.27/FeaturePacks/MobileStarterContent.upack)
[2022.06.27-01.22.07:017][  0]LogPakFile: OnPakFileMounted2Time == 0.000036
[2022.06.27-01.22.07:017][  0]LogPakFile: PakFile PrimaryIndexSize=185
[2022.06.27-01.22.07:017][  0]LogPakFile: PakFile PathHashIndexSize=101
[2022.06.27-01.22.07:017][  0]LogPakFile: PakFile FullDirectoryIndexSize=148
[2022.06.27-01.22.07:017][  0]LogShaderLibrary: Display: ShaderCodeLibraryPakFileMountedCallback: PakFile 'C:/UE4/UE_4.27/FeaturePacks/StarterContent.upack' (chunk index -1, root 'root:/') mounted
[2022.06.27-01.22.07:017][  0]LogShaderLibrary: Display: ShaderCodeLibraryPakFileMountedCallback: pending pak file info (ChunkID:-1 Root:root:/ File:C:/UE4/UE_4.27/FeaturePacks/StarterContent.upack)
[2022.06.27-01.22.07:017][  0]LogPakFile: OnPakFileMounted2Time == 0.000042
[2022.06.27-01.22.07:018][  0]LogPakFile: PakFile PrimaryIndexSize=190
[2022.06.27-01.22.07:018][  0]LogPakFile: PakFile PathHashIndexSize=101
[2022.06.27-01.22.07:018][  0]LogPakFile: PakFile FullDirectoryIndexSize=154
[2022.06.27-01.22.07:018][  0]LogShaderLibrary: Display: ShaderCodeLibraryPakFileMountedCallback: PakFile 'C:/UE4/UE_4.27/FeaturePacks/TP_2DSideScroller.upack' (chunk index -1, root 'root:/') mounted
[2022.06.27-01.22.07:018][  0]LogShaderLibrary: Display: ShaderCodeLibraryPakFileMountedCallback: pending pak file info (ChunkID:-1 Root:root:/ File:C:/UE4/UE_4.27/FeaturePacks/TP_2DSideScroller.upack)
[2022.06.27-01.22.07:018][  0]LogPakFile: OnPakFileMounted2Time == 0.000035
[2022.06.27-01.22.07:019][  0]LogPakFile: PakFile PrimaryIndexSize=192
[2022.06.27-01.22.07:019][  0]LogPakFile: PakFile PathHashIndexSize=101
[2022.06.27-01.22.07:019][  0]LogPakFile: PakFile FullDirectoryIndexSize=158
[2022.06.27-01.22.07:019][  0]LogShaderLibrary: Display: ShaderCodeLibraryPakFileMountedCallback: PakFile 'C:/UE4/UE_4.27/FeaturePacks/TP_2DSideScrollerBP.upack' (chunk index -1, root 'root:/') mounted
[2022.06.27-01.22.07:019][  0]LogShaderLibrary: Display: ShaderCodeLibraryPakFileMountedCallback: pending pak file info (ChunkID:-1 Root:root:/ File:C:/UE4/UE_4.27/FeaturePacks/TP_2DSideScrollerBP.upack)
[2022.06.27-01.22.07:019][  0]LogPakFile: OnPakFileMounted2Time == 0.000035
[2022.06.27-01.22.07:019][  0]LogPakFile: PakFile PrimaryIndexSize=182
[2022.06.27-01.22.07:019][  0]LogPakFile: PakFile PathHashIndexSize=101
[2022.06.27-01.22.07:019][  0]LogPakFile: PakFile FullDirectoryIndexSize=138
[2022.06.27-01.22.07:019][  0]LogShaderLibrary: Display: ShaderCodeLibraryPakFileMountedCallback: PakFile 'C:/UE4/UE_4.27/FeaturePacks/TP_Flying.upack' (chunk index -1, root 'root:/') mounted
[2022.06.27-01.22.07:019][  0]LogShaderLibrary: Display: ShaderCodeLibraryPakFileMountedCallback: pending pak file info (ChunkID:-1 Root:root:/ File:C:/UE4/UE_4.27/FeaturePacks/TP_Flying.upack)
[2022.06.27-01.22.07:019][  0]LogPakFile: OnPakFileMounted2Time == 0.000035
[2022.06.27-01.22.07:020][  0]LogPakFile: PakFile PrimaryIndexSize=184
[2022.06.27-01.22.07:020][  0]LogPakFile: PakFile PathHashIndexSize=101
[2022.06.27-01.22.07:020][  0]LogPakFile: PakFile FullDirectoryIndexSize=142
[2022.06.27-01.22.07:020][  0]LogShaderLibrary: Display: ShaderCodeLibraryPakFileMountedCallback: PakFile 'C:/UE4/UE_4.27/FeaturePacks/TP_FlyingBP.upack' (chunk index -1, root 'root:/') mounted
[2022.06.27-01.22.07:020][  0]LogShaderLibrary: Display: ShaderCodeLibraryPakFileMountedCallback: pending pak file info (ChunkID:-1 Root:root:/ File:C:/UE4/UE_4.27/FeaturePacks/TP_FlyingBP.upack)
[2022.06.27-01.22.07:020][  0]LogPakFile: OnPakFileMounted2Time == 0.000035
[2022.06.27-01.22.07:020][  0]LogPakFile: PakFile PrimaryIndexSize=188
[2022.06.27-01.22.07:020][  0]LogPakFile: PakFile PathHashIndexSize=101
[2022.06.27-01.22.07:020][  0]LogPakFile: PakFile FullDirectoryIndexSize=150
[2022.06.27-01.22.07:020][  0]LogShaderLibrary: Display: ShaderCodeLibraryPakFileMountedCallback: PakFile 'C:/UE4/UE_4.27/FeaturePacks/TP_HandheldARBP.upack' (chunk index -1, root 'root:/') mounted
[2022.06.27-01.22.07:021][  0]LogShaderLibrary: Display: ShaderCodeLibraryPakFileMountedCallback: pending pak file info (ChunkID:-1 Root:root:/ File:C:/UE4/UE_4.27/FeaturePacks/TP_HandheldARBP.upack)
[2022.06.27-01.22.07:021][  0]LogPakFile: OnPakFileMounted2Time == 0.000050
[2022.06.27-01.22.07:021][  0]LogPakFile: PakFile PrimaryIndexSize=182
[2022.06.27-01.22.07:021][  0]LogPakFile: PakFile PathHashIndexSize=101
[2022.06.27-01.22.07:021][  0]LogPakFile: PakFile FullDirectoryIndexSize=138
[2022.06.27-01.22.07:021][  0]LogShaderLibrary: Display: ShaderCodeLibraryPakFileMountedCallback: PakFile 'C:/UE4/UE_4.27/FeaturePacks/TP_Puzzle.upack' (chunk index -1, root 'root:/') mounted
[2022.06.27-01.22.07:021][  0]LogShaderLibrary: Display: ShaderCodeLibraryPakFileMountedCallback: pending pak file info (ChunkID:-1 Root:root:/ File:C:/UE4/UE_4.27/FeaturePacks/TP_Puzzle.upack)
[2022.06.27-01.22.07:021][  0]LogPakFile: OnPakFileMounted2Time == 0.000035
[2022.06.27-01.22.07:022][  0]LogPakFile: PakFile PrimaryIndexSize=184
[2022.06.27-01.22.07:022][  0]LogPakFile: PakFile PathHashIndexSize=101
[2022.06.27-01.22.07:022][  0]LogPakFile: PakFile FullDirectoryIndexSize=142
[2022.06.27-01.22.07:022][  0]LogShaderLibrary: Display: ShaderCodeLibraryPakFileMountedCallback: PakFile 'C:/UE4/UE_4.27/FeaturePacks/TP_PuzzleBP.upack' (chunk index -1, root 'root:/') mounted
[2022.06.27-01.22.07:022][  0]LogShaderLibrary: Display: ShaderCodeLibraryPakFileMountedCallback: pending pak file info (ChunkID:-1 Root:root:/ File:C:/UE4/UE_4.27/FeaturePacks/TP_PuzzleBP.upack)
[2022.06.27-01.22.07:022][  0]LogPakFile: OnPakFileMounted2Time == 0.000037
[2022.06.27-01.22.07:023][  0]LogPakFile: PakFile PrimaryIndexSize=183
[2022.06.27-01.22.07:023][  0]LogPakFile: PakFile PathHashIndexSize=101
[2022.06.27-01.22.07:023][  0]LogPakFile: PakFile FullDirectoryIndexSize=140
[2022.06.27-01.22.07:023][  0]LogShaderLibrary: Display: ShaderCodeLibraryPakFileMountedCallback: PakFile 'C:/UE4/UE_4.27/FeaturePacks/TP_Rolling.upack' (chunk index -1, root 'root:/') mounted
[2022.06.27-01.22.07:023][  0]LogShaderLibrary: Display: ShaderCodeLibraryPakFileMountedCallback: pending pak file info (ChunkID:-1 Root:root:/ File:C:/UE4/UE_4.27/FeaturePacks/TP_Rolling.upack)
[2022.06.27-01.22.07:023][  0]LogPakFile: OnPakFileMounted2Time == 0.000039
[2022.06.27-01.22.07:023][  0]LogPakFile: PakFile PrimaryIndexSize=185
[2022.06.27-01.22.07:023][  0]LogPakFile: PakFile PathHashIndexSize=101
[2022.06.27-01.22.07:023][  0]LogPakFile: PakFile FullDirectoryIndexSize=144
[2022.06.27-01.22.07:023][  0]LogShaderLibrary: Display: ShaderCodeLibraryPakFileMountedCallback: PakFile 'C:/UE4/UE_4.27/FeaturePacks/TP_RollingBP.upack' (chunk index -1, root 'root:/') mounted
[2022.06.27-01.22.07:023][  0]LogShaderLibrary: Display: ShaderCodeLibraryPakFileMountedCallback: pending pak file info (ChunkID:-1 Root:root:/ File:C:/UE4/UE_4.27/FeaturePacks/TP_RollingBP.upack)
[2022.06.27-01.22.07:023][  0]LogPakFile: OnPakFileMounted2Time == 0.000035
[2022.06.27-01.22.07:024][  0]LogPakFile: PakFile PrimaryIndexSize=188
[2022.06.27-01.22.07:024][  0]LogPakFile: PakFile PathHashIndexSize=101
[2022.06.27-01.22.07:024][  0]LogPakFile: PakFile FullDirectoryIndexSize=150
[2022.06.27-01.22.07:024][  0]LogShaderLibrary: Display: ShaderCodeLibraryPakFileMountedCallback: PakFile 'C:/UE4/UE_4.27/FeaturePacks/TP_SideScroller.upack' (chunk index -1, root 'root:/') mounted
[2022.06.27-01.22.07:024][  0]LogShaderLibrary: Display: ShaderCodeLibraryPakFileMountedCallback: pending pak file info (ChunkID:-1 Root:root:/ File:C:/UE4/UE_4.27/FeaturePacks/TP_SideScroller.upack)
[2022.06.27-01.22.07:024][  0]LogPakFile: OnPakFileMounted2Time == 0.000036
[2022.06.27-01.22.07:024][  0]LogPakFile: PakFile PrimaryIndexSize=190
[2022.06.27-01.22.07:025][  0]LogPakFile: PakFile PathHashIndexSize=101
[2022.06.27-01.22.07:025][  0]LogPakFile: PakFile FullDirectoryIndexSize=154
[2022.06.27-01.22.07:025][  0]LogShaderLibrary: Display: ShaderCodeLibraryPakFileMountedCallback: PakFile 'C:/UE4/UE_4.27/FeaturePacks/TP_SideScrollerBP.upack' (chunk index -1, root 'root:/') mounted
[2022.06.27-01.22.07:025][  0]LogShaderLibrary: Display: ShaderCodeLibraryPakFileMountedCallback: pending pak file info (ChunkID:-1 Root:root:/ File:C:/UE4/UE_4.27/FeaturePacks/TP_SideScrollerBP.upack)
[2022.06.27-01.22.07:025][  0]LogPakFile: OnPakFileMounted2Time == 0.000065
[2022.06.27-01.22.07:025][  0]LogPakFile: PakFile PrimaryIndexSize=187
[2022.06.27-01.22.07:025][  0]LogPakFile: PakFile PathHashIndexSize=101
[2022.06.27-01.22.07:025][  0]LogPakFile: PakFile FullDirectoryIndexSize=148
[2022.06.27-01.22.07:025][  0]LogShaderLibrary: Display: ShaderCodeLibraryPakFileMountedCallback: PakFile 'C:/UE4/UE_4.27/FeaturePacks/TP_ThirdPerson.upack' (chunk index -1, root 'root:/') mounted
[2022.06.27-01.22.07:025][  0]LogShaderLibrary: Display: ShaderCodeLibraryPakFileMountedCallback: pending pak file info (ChunkID:-1 Root:root:/ File:C:/UE4/UE_4.27/FeaturePacks/TP_ThirdPerson.upack)
[2022.06.27-01.22.07:025][  0]LogPakFile: OnPakFileMounted2Time == 0.000036
[2022.06.27-01.22.07:026][  0]LogPakFile: PakFile PrimaryIndexSize=189
[2022.06.27-01.22.07:026][  0]LogPakFile: PakFile PathHashIndexSize=101
[2022.06.27-01.22.07:026][  0]LogPakFile: PakFile FullDirectoryIndexSize=152
[2022.06.27-01.22.07:026][  0]LogShaderLibrary: Display: ShaderCodeLibraryPakFileMountedCallback: PakFile 'C:/UE4/UE_4.27/FeaturePacks/TP_ThirdPersonBP.upack' (chunk index -1, root 'root:/') mounted
[2022.06.27-01.22.07:026][  0]LogShaderLibrary: Display: ShaderCodeLibraryPakFileMountedCallback: pending pak file info (ChunkID:-1 Root:root:/ File:C:/UE4/UE_4.27/FeaturePacks/TP_ThirdPersonBP.upack)
[2022.06.27-01.22.07:026][  0]LogPakFile: OnPakFileMounted2Time == 0.000039
[2022.06.27-01.22.07:026][  0]LogPakFile: PakFile PrimaryIndexSize=183
[2022.06.27-01.22.07:026][  0]LogPakFile: PakFile PathHashIndexSize=101
[2022.06.27-01.22.07:026][  0]LogPakFile: PakFile FullDirectoryIndexSize=140
[2022.06.27-01.22.07:026][  0]LogShaderLibrary: Display: ShaderCodeLibraryPakFileMountedCallback: PakFile 'C:/UE4/UE_4.27/FeaturePacks/TP_TopDown.upack' (chunk index -1, root 'root:/') mounted
[2022.06.27-01.22.07:026][  0]LogShaderLibrary: Display: ShaderCodeLibraryPakFileMountedCallback: pending pak file info (ChunkID:-1 Root:root:/ File:C:/UE4/UE_4.27/FeaturePacks/TP_TopDown.upack)
[2022.06.27-01.22.07:027][  0]LogPakFile: OnPakFileMounted2Time == 0.000042
[2022.06.27-01.22.07:027][  0]LogPakFile: PakFile PrimaryIndexSize=185
[2022.06.27-01.22.07:027][  0]LogPakFile: PakFile PathHashIndexSize=101
[2022.06.27-01.22.07:027][  0]LogPakFile: PakFile FullDirectoryIndexSize=144
[2022.06.27-01.22.07:027][  0]LogShaderLibrary: Display: ShaderCodeLibraryPakFileMountedCallback: PakFile 'C:/UE4/UE_4.27/FeaturePacks/TP_TopDownBP.upack' (chunk index -1, root 'root:/') mounted
[2022.06.27-01.22.07:027][  0]LogShaderLibrary: Display: ShaderCodeLibraryPakFileMountedCallback: pending pak file info (ChunkID:-1 Root:root:/ File:C:/UE4/UE_4.27/FeaturePacks/TP_TopDownBP.upack)
[2022.06.27-01.22.07:027][  0]LogPakFile: OnPakFileMounted2Time == 0.000036
[2022.06.27-01.22.07:028][  0]LogPakFile: PakFile PrimaryIndexSize=185
[2022.06.27-01.22.07:028][  0]LogPakFile: PakFile PathHashIndexSize=101
[2022.06.27-01.22.07:028][  0]LogPakFile: PakFile FullDirectoryIndexSize=144
[2022.06.27-01.22.07:028][  0]LogShaderLibrary: Display: ShaderCodeLibraryPakFileMountedCallback: PakFile 'C:/UE4/UE_4.27/FeaturePacks/TP_TwinStick.upack' (chunk index -1, root 'root:/') mounted
[2022.06.27-01.22.07:028][  0]LogShaderLibrary: Display: ShaderCodeLibraryPakFileMountedCallback: pending pak file info (ChunkID:-1 Root:root:/ File:C:/UE4/UE_4.27/FeaturePacks/TP_TwinStick.upack)
[2022.06.27-01.22.07:028][  0]LogPakFile: OnPakFileMounted2Time == 0.000035
[2022.06.27-01.22.07:028][  0]LogPakFile: PakFile PrimaryIndexSize=187
[2022.06.27-01.22.07:028][  0]LogPakFile: PakFile PathHashIndexSize=101
[2022.06.27-01.22.07:028][  0]LogPakFile: PakFile FullDirectoryIndexSize=148
[2022.06.27-01.22.07:028][  0]LogShaderLibrary: Display: ShaderCodeLibraryPakFileMountedCallback: PakFile 'C:/UE4/UE_4.27/FeaturePacks/TP_TwinStickBP.upack' (chunk index -1, root 'root:/') mounted
[2022.06.27-01.22.07:028][  0]LogShaderLibrary: Display: ShaderCodeLibraryPakFileMountedCallback: pending pak file info (ChunkID:-1 Root:root:/ File:C:/UE4/UE_4.27/FeaturePacks/TP_TwinStickBP.upack)
[2022.06.27-01.22.07:028][  0]LogPakFile: OnPakFileMounted2Time == 0.000037
[2022.06.27-01.22.07:029][  0]LogPakFile: PakFile PrimaryIndexSize=183
[2022.06.27-01.22.07:029][  0]LogPakFile: PakFile PathHashIndexSize=101
[2022.06.27-01.22.07:029][  0]LogPakFile: PakFile FullDirectoryIndexSize=140
[2022.06.27-01.22.07:029][  0]LogShaderLibrary: Display: ShaderCodeLibraryPakFileMountedCallback: PakFile 'C:/UE4/UE_4.27/FeaturePacks/TP_Vehicle.upack' (chunk index -1, root 'root:/') mounted
[2022.06.27-01.22.07:029][  0]LogShaderLibrary: Display: ShaderCodeLibraryPakFileMountedCallback: pending pak file info (ChunkID:-1 Root:root:/ File:C:/UE4/UE_4.27/FeaturePacks/TP_Vehicle.upack)
[2022.06.27-01.22.07:029][  0]LogPakFile: OnPakFileMounted2Time == 0.000040
[2022.06.27-01.22.07:030][  0]LogPakFile: PakFile PrimaryIndexSize=186
[2022.06.27-01.22.07:030][  0]LogPakFile: PakFile PathHashIndexSize=101
[2022.06.27-01.22.07:030][  0]LogPakFile: PakFile FullDirectoryIndexSize=146
[2022.06.27-01.22.07:030][  0]LogShaderLibrary: Display: ShaderCodeLibraryPakFileMountedCallback: PakFile 'C:/UE4/UE_4.27/FeaturePacks/TP_VehicleAdv.upack' (chunk index -1, root 'root:/') mounted
[2022.06.27-01.22.07:030][  0]LogShaderLibrary: Display: ShaderCodeLibraryPakFileMountedCallback: pending pak file info (ChunkID:-1 Root:root:/ File:C:/UE4/UE_4.27/FeaturePacks/TP_VehicleAdv.upack)
[2022.06.27-01.22.07:030][  0]LogPakFile: OnPakFileMounted2Time == 0.000039
[2022.06.27-01.22.07:030][  0]LogPakFile: PakFile PrimaryIndexSize=188
[2022.06.27-01.22.07:030][  0]LogPakFile: PakFile PathHashIndexSize=101
[2022.06.27-01.22.07:030][  0]LogPakFile: PakFile FullDirectoryIndexSize=150
[2022.06.27-01.22.07:030][  0]LogShaderLibrary: Display: ShaderCodeLibraryPakFileMountedCallback: PakFile 'C:/UE4/UE_4.27/FeaturePacks/TP_VehicleAdvBP.upack' (chunk index -1, root 'root:/') mounted
[2022.06.27-01.22.07:030][  0]LogShaderLibrary: Display: ShaderCodeLibraryPakFileMountedCallback: pending pak file info (ChunkID:-1 Root:root:/ File:C:/UE4/UE_4.27/FeaturePacks/TP_VehicleAdvBP.upack)
[2022.06.27-01.22.07:030][  0]LogPakFile: OnPakFileMounted2Time == 0.000037
[2022.06.27-01.22.07:031][  0]LogPakFile: PakFile PrimaryIndexSize=185
[2022.06.27-01.22.07:031][  0]LogPakFile: PakFile PathHashIndexSize=101
[2022.06.27-01.22.07:031][  0]LogPakFile: PakFile FullDirectoryIndexSize=144
[2022.06.27-01.22.07:031][  0]LogShaderLibrary: Display: ShaderCodeLibraryPakFileMountedCallback: PakFile 'C:/UE4/UE_4.27/FeaturePacks/TP_VehicleBP.upack' (chunk index -1, root 'root:/') mounted
[2022.06.27-01.22.07:031][  0]LogShaderLibrary: Display: ShaderCodeLibraryPakFileMountedCallback: pending pak file info (ChunkID:-1 Root:root:/ File:C:/UE4/UE_4.27/FeaturePacks/TP_VehicleBP.upack)
[2022.06.27-01.22.07:031][  0]LogPakFile: OnPakFileMounted2Time == 0.000036
[2022.06.27-01.22.07:032][  0]LogPakFile: PakFile PrimaryIndexSize=192
[2022.06.27-01.22.07:032][  0]LogPakFile: PakFile PathHashIndexSize=101
[2022.06.27-01.22.07:032][  0]LogPakFile: PakFile FullDirectoryIndexSize=158
[2022.06.27-01.22.07:032][  0]LogShaderLibrary: Display: ShaderCodeLibraryPakFileMountedCallback: PakFile 'C:/UE4/UE_4.27/FeaturePacks/TP_VirtualRealityBP.upack' (chunk index -1, root 'root:/') mounted
[2022.06.27-01.22.07:032][  0]LogShaderLibrary: Display: ShaderCodeLibraryPakFileMountedCallback: pending pak file info (ChunkID:-1 Root:root:/ File:C:/UE4/UE_4.27/FeaturePacks/TP_VirtualRealityBP.upack)
[2022.06.27-01.22.07:032][  0]LogPakFile: OnPakFileMounted2Time == 0.000037
[2022.06.27-01.22.07:075][  0]LogNativeClassHierarchy: Verbose: Native class hierarchy updated for 'AddContentDialog' in 0.0002 seconds. Added 0 classes and 0 folders.
[2022.06.27-01.22.07:076][  0]LogNativeClassHierarchy: Verbose: Native class hierarchy updated for 'SceneOutliner' in 0.0002 seconds. Added 2 classes and 0 folders.
[2022.06.27-01.22.07:110][  0]LogNativeClassHierarchy: Verbose: Native class hierarchy updated for 'HierarchicalLODOutliner' in 0.0004 seconds. Added 0 classes and 0 folders.
[2022.06.27-01.22.07:111][  0]LogInput: Warning: Action Jump uses invalid key OculusGo_Left_Trigger_Click.
[2022.06.27-01.22.07:111][  0]LogInput: Warning: Action ResetVR uses invalid key OculusGo_Left_Trackpad_Click.
[2022.06.27-01.22.07:111][  0]LogInput: Warning: Use -RemoveInvalidKeys to remove instances of these keys from the action mapping.
[2022.06.27-01.22.07:111][  0]LogLoad: (Engine Initialization) Total time: 7.31 seconds
[2022.06.27-01.22.07:111][  0]LogLoad: (Engine Initialization) Total Blueprint compile time: 0.00 seconds
[2022.06.27-01.22.07:155][  0]LogAssetRegistry: Asset discovery search completed in 4.1931 seconds
[2022.06.27-01.22.07:160][  0]LogCollectionManager: Fixed up redirectors for 0 collections in 0.000004 seconds (updated 0 objects)
[2022.06.27-01.22.07:161][  0]LogContentStreaming: Texture pool size now 1000 MB
[2022.06.27-01.22.07:168][  0]LogSlate: Took 0.000107 seconds to synchronously load lazily loaded font '../../../Engine/Content/Slate/Fonts/Roboto-Regular.ttf' (155K)
[2022.06.27-01.22.07:169][  0]LogSlate: Took 0.000082 seconds to synchronously load lazily loaded font '../../../Engine/Content/Editor/Slate/Fonts/FontAwesome.ttf' (139K)
[2022.06.27-01.22.07:170][  0]LogSlate: Took 0.000082 seconds to synchronously load lazily loaded font '../../../Engine/Content/Slate/Fonts/Roboto-Bold.ttf' (160K)
[2022.06.27-01.22.07:289][  0]LogRenderer: Reallocating scene render targets to support 808x300 Format 10 NumSamples 1 (Frame:1).
[2022.06.27-01.22.07:433][  2]LogRenderer: Reallocating scene render targets to support 808x500 Format 10 NumSamples 1 (Frame:2).
[2022.06.27-01.22.07:450][  2]LogMaterial: Display: Missing cached shadermap for Material_0 in PCD3D_SM5, Default, SM5 (DDC key hash: 55D292E0A7B44F858622CAC13ED567D613EABCE8), compiling. 
[2022.06.27-01.22.07:468][  3]LogShaderCompilers: Display: Submitted 2 shader compile jobs with 'ForceLocal' priority
[2022.06.27-01.22.07:477][  4]LogShaderCompilers: Display: Worker (1/5): shaders left to compile 2
[2022.06.27-01.22.07:477][  4]LogShaderCompilers: Display: Worker (2/5): shaders left to compile 1
[2022.06.27-01.22.07:477][  4]LogShaderCompilers: Display: Started 2 'Local' shader compile jobs with 'ForceLocal' priority
[2022.06.27-01.22.07:563][  4]LogShaderCompilers: Display: Submitted 41 shader compile jobs with 'Normal' priority
[2022.06.27-01.22.07:563][  4]LogShaderCompilers: Display: Worker (3/5): shaders left to compile 41
[2022.06.27-01.22.07:563][  4]LogShaderCompilers: Display: Worker (4/5): shaders left to compile 31
[2022.06.27-01.22.07:563][  4]LogShaderCompilers: Display: Started 20 'Local' shader compile jobs with 'Normal' priority
[2022.06.27-01.22.08:451][ 95]LogShaderCompilers: Display: Worker (2/5): shaders left to compile 21
[2022.06.27-01.22.08:451][ 95]LogShaderCompilers: Display: Started 6 'Local' shader compile jobs with 'Normal' priority
[2022.06.27-01.22.08:562][ 98]LogShaderCompilers: Display: Worker (1/5): shaders left to compile 15
[2022.06.27-01.22.08:562][ 98]LogShaderCompilers: Display: Started 4 'Local' shader compile jobs with 'Normal' priority
[2022.06.27-01.22.08:647][101]LogRenderer: Reallocating scene render targets to support 1616x808 Format 10 NumSamples 1 (Frame:103).
[2022.06.27-01.22.10:199][253]LogShaderCompilers: Display: Worker (1/5): shaders left to compile 11
[2022.06.27-01.22.10:199][253]LogShaderCompilers: Display: Started 3 'Local' shader compile jobs with 'Normal' priority
[2022.06.27-01.22.10:570][296]LogContentBrowser: Deferred new asset folder creation: NewFolder
[2022.06.27-01.22.10:602][296]LogContentBrowser: Creating deferred item: NewFolder
[2022.06.27-01.22.10:702][309]LogShaderCompilers: Display: Worker (1/5): shaders left to compile 8
[2022.06.27-01.22.10:703][309]LogShaderCompilers: Display: Started 3 'Local' shader compile jobs with 'Normal' priority
[2022.06.27-01.22.10:800][319]LogShaderCompilers: Display: Worker (2/5): shaders left to compile 5
[2022.06.27-01.22.10:801][319]LogShaderCompilers: Display: Started 2 'Local' shader compile jobs with 'Normal' priority
[2022.06.27-01.22.11:271][373]LogShaderCompilers: Display: Worker (4/5): shaders left to compile 3
[2022.06.27-01.22.11:271][373]LogShaderCompilers: Display: Started 1 'Local' shader compile jobs with 'Normal' priority
[2022.06.27-01.22.11:473][397]LogShaderCompilers: Display: Worker (2/5): shaders left to compile 2
[2022.06.27-01.22.11:474][397]LogShaderCompilers: Display: Started 1 'Local' shader compile jobs with 'Normal' priority
[2022.06.27-01.22.11:555][407]LogShaderCompilers: Display: Worker (1/5): shaders left to compile 1
[2022.06.27-01.22.11:555][407]LogShaderCompilers: Display: Started 1 'Local' shader compile jobs with 'Normal' priority
[2022.06.27-01.22.12:165][478]LogContentBrowser: Attempting asset rename: NewFolder -> NewFolder
[2022.06.27-01.22.12:165][478]LogContentBrowser: End creating deferred item NewFolder
[2022.06.27-01.22.23:786][747]LogContentBrowser: Deferred new asset folder creation: NewFolder
[2022.06.27-01.22.23:801][747]LogContentBrowser: Creating deferred item: NewFolder
[2022.06.27-01.22.27:721][218]LogContentBrowser: Attempting asset rename: NewFolder -> Levels
[2022.06.27-01.22.27:721][218]LogContentBrowser: End creating deferred item NewFolder
[2022.06.27-01.22.29:084][355]LogContentBrowser: Deferred new asset file creation: NewWorld
[2022.06.27-01.22.29:091][355]LogContentBrowser: Creating deferred item: NewWorld
[2022.06.27-01.22.37:953][419]LogContentBrowser: Attempting asset rename: NewWorld -> Docks
[2022.06.27-01.22.37:959][419]LogContentBrowser: End creating deferred item NewWorld
[2022.06.27-01.22.38:286][457]LogUObjectHash: Compacting FUObjectHashTables data took   0.55ms
[2022.06.27-01.22.39:776][457]LogSlate: Window 'Save Content' being destroyed
[2022.06.27-01.22.39:795][457]LogSlate: Took 0.000122 seconds to synchronously load lazily loaded font '../../../Engine/Content/Slate/Fonts/Roboto-Light.ttf' (167K)
[2022.06.27-01.22.39:826][457]Cmd: OBJ SAVEPACKAGE PACKAGE="/Game/Levels/Docks" FILE="../../../../../Users/llaughlin/Documents/GitHub/Cordyceps/Content/Levels/Docks.umap" SILENT=true AUTOSAVING=false KEEPDIRTY=false
[2022.06.27-01.22.39:831][457]LogUObjectHash: Compacting FUObjectHashTables data took   0.25ms
[2022.06.27-01.22.39:833][457]LogSavePackage: Moving '../../../../../Users/llaughlin/Documents/GitHub/Cordyceps/Saved/DocksA31A1E46499BB7EE2B2611BF78E79349.tmp' to '../../../../../Users/llaughlin/Documents/GitHub/Cordyceps/Content/Levels/Docks.umap'
[2022.06.27-01.22.39:834][457]LogFileHelpers: Saving map 'Docks' took 0.009
[2022.06.27-01.22.39:852][457]LogAssetEditorSubsystem: Opening Asset editor for World /Game/Levels/Docks.Docks
[2022.06.27-01.22.39:853][457]Cmd: MAP LOAD FILE="../../../../../Users/llaughlin/Documents/GitHub/Cordyceps/Content/Levels/Docks.umap" TEMPLATE=0 SHOWPROGRESS=1 FEATURELEVEL=3
[2022.06.27-01.22.39:853][457]LightingResults: New page: Lighting Build
[2022.06.27-01.22.39:853][457]LoadErrors: New page: Loading map: Docks.umap
[2022.06.27-01.22.39:886][457]LogWorld: UWorld::CleanupWorld for ThirdPersonExampleMap, bSessionEnded=true, bCleanupResources=true
[2022.06.27-01.22.39:886][457]LogSlate: InvalidateAllWidgets triggered.  All widgets were invalidated
[2022.06.27-01.22.39:887][457]MapCheck: New page: Map Check
[2022.06.27-01.22.39:887][457]LightingResults: New page: Lighting Build
[2022.06.27-01.22.39:892][457]LogAudio: Display: Audio Device unregistered from world 'None'.
[2022.06.27-01.22.39:894][457]LogUObjectHash: Compacting FUObjectHashTables data took   0.81ms
[2022.06.27-01.22.39:894][457]LogAudio: Display: Audio Device (ID: 1) registered with world 'Docks'.
[2022.06.27-01.22.39:897][457]LogEditorServer: Finished looking for orphan Actors (0.000 secs)
[2022.06.27-01.22.39:897][457]LogAIModule: Creating AISystem for world Docks
[2022.06.27-01.22.39:904][457]LogUObjectHash: Compacting FUObjectHashTables data took   0.68ms
[2022.06.27-01.22.39:907][457]Cmd: MAP CHECKDEP NOCLEARLOG
[2022.06.27-01.22.39:907][457]MapCheck: Map check complete: 0 Error(s), 0 Warning(s), took 0.124ms to complete.
[2022.06.27-01.22.39:907][457]LogFileHelpers: Loading map 'Docks' took 0.055
[2022.06.27-01.22.39:918][457]AssetCheck: New page: Asset Save: Docks
[2022.06.27-01.22.39:918][457]LogContentValidation: Display: Validating World /Game/Levels/Docks.Docks
[2022.06.27-01.22.40:724][545]Cmd: OBJ SAVEPACKAGE PACKAGE="/Game/Levels/Docks" FILE="../../../../../Users/llaughlin/Documents/GitHub/Cordyceps/Content/Levels/Docks.umap" SILENT=true AUTOSAVING=false KEEPDIRTY=false
[2022.06.27-01.22.40:728][545]LogUObjectHash: Compacting FUObjectHashTables data took   0.22ms
[2022.06.27-01.22.40:732][545]LogSavePackage: Moving '../../../../../Users/llaughlin/Documents/GitHub/Cordyceps/Saved/Docks9265104B40AD10FF07463FB714DF8FD6.tmp' to '../../../../../Users/llaughlin/Documents/GitHub/Cordyceps/Content/Levels/Docks.umap'
[2022.06.27-01.22.40:736][545]LogFileHelpers: Saving map 'Docks' took 0.012
[2022.06.27-01.22.40:746][545]AssetCheck: New page: Asset Save: Docks
[2022.06.27-01.22.40:746][545]LogContentValidation: Display: Validating World /Game/Levels/Docks.Docks
[2022.06.27-01.26.00:639][243]LogDirectoryWatcher: Display: A directory notification failed for 'C:/Users/llaughlin/Documents/GitHub/Cordyceps/Content/Collections/' because it could not be accessed. Aborting watch request...
[2022.06.27-01.26.00:639][243]LogDirectoryWatcher: Display: A directory notification failed for 'C:/Users/llaughlin/Documents/GitHub/Cordyceps/Content/Developers/llaughlin/Collections/' because it could not be accessed. Aborting watch request...
[2022.06.27-01.26.00:976][244]LogDirectoryWatcher: Display: A directory notification failed for 'C:/Users/llaughlin/Documents/GitHub/Cordyceps/Saved/Collections/' because it could not be accessed. Aborting watch request...
